Log file open, 10/23/19 11:54:04
LogWindows: Failed to load 'aqProf.dll' (GetLastError=126)
LogWindows: File 'aqProf.dll' does not exist
LogWindows: Failed to load 'VSPerf140.dll' (GetLastError=126)
LogWindows: File 'VSPerf140.dll' does not exist
LogWindows: Failed to load 'VtuneApi.dll' (GetLastError=126)
LogWindows: File 'VtuneApi.dll' does not exist
LogWindows: Failed to load 'VtuneApi32e.dll' (GetLastError=126)
LogWindows: File 'VtuneApi32e.dll' does not exist
LogInit: Display: Running engine for game: Jeu_Foxing288
LogPlatformFile: Not using cached read wrapper
LogTaskGraph: Started task graph with 5 named threads and 23 total threads with 3 sets of task threads.
LogStats: Stats thread started at 0.491155
LogD3D11RHI: Loaded GFSDK_Aftermath_Lib.x64.dll
LogICUInternationalization: Display: ICU TimeZone Detection - Raw Offset: +1:00, Platform Override: ''
LogConfig: Warning: Failed to saved backup for config[Editor]
LogConfig: Warning: Failed to saved backup for config[Compat]
LogConfig: Warning: Failed to saved backup for config[Lightmass]
LogConfig: Warning: Failed to saved backup for config[GameUserSettings]
LogPluginManager: Mounting plugin Paper2D
LogConfig: Warning: Failed to saved backup for config[Paper2D]
LogPluginManager: Mounting plugin AISupport
LogPluginManager: Mounting plugin LightPropagationVolume
LogPluginManager: Mounting plugin CLionSourceCodeAccess
LogPluginManager: Mounting plugin CodeLiteSourceCodeAccess
LogPluginManager: Mounting plugin GitSourceControl
LogPluginManager: Mounting plugin KDevelopSourceCodeAccess
LogPluginManager: Mounting plugin NullSourceCodeAccess
LogPluginManager: Mounting plugin PerforceSourceControl
LogPluginManager: Mounting plugin SubversionSourceControl
LogPluginManager: Mounting plugin UObjectPlugin
LogPluginManager: Mounting plugin VisualStudioCodeSourceCodeAccess
LogPluginManager: Mounting plugin VisualStudioSourceCodeAccess
LogPluginManager: Mounting plugin XCodeSourceCodeAccess
LogPluginManager: Mounting plugin AssetManagerEditor
LogPluginManager: Mounting plugin CryptoKeys
LogPluginManager: Mounting plugin DataValidation
LogPluginManager: Mounting plugin FacialAnimation
LogPluginManager: Mounting plugin GameplayTagsEditor
LogPluginManager: Mounting plugin MacGraphicsSwitching
LogPluginManager: Mounting plugin MeshEditor
LogPluginManager: Mounting plugin MobileLauncherProfileWizard
LogPluginManager: Mounting plugin PluginBrowser
LogPluginManager: Mounting plugin SpeedTreeImporter
LogPluginManager: Mounting plugin DatasmithContent
LogPluginManager: Mounting plugin AlembicImporter
LogPluginManager: Mounting plugin AppleImageUtils
LogPluginManager: Mounting plugin AppleVision
LogPluginManager: Mounting plugin BackChannel
LogPluginManager: Mounting plugin CharacterAI
LogPluginManager: Mounting plugin GeometryCache
LogPluginManager: Mounting plugin HTML5Networking
LogPluginManager: Mounting plugin ProxyLODPlugin
LogPluginManager: Mounting plugin MagicLeap
LogPluginManager: Mounting plugin MagicLeapEmulator
LogPluginManager: Mounting plugin MagicLeapMedia
LogPluginManager: Mounting plugin AndroidMedia
LogPluginManager: Mounting plugin AvfMedia
LogPluginManager: Mounting plugin ImgMedia
LogPluginManager: Mounting plugin LinearTimecode
LogPluginManager: Mounting plugin MediaCompositing
LogPluginManager: Mounting plugin MediaPlayerEditor
LogPluginManager: Mounting plugin WmfMedia
LogPluginManager: Mounting plugin TcpMessaging
LogPluginManager: Mounting plugin UdpMessaging
LogPluginManager: Mounting plugin ActorSequence
LogPluginManager: Mounting plugin LevelSequenceEditor
LogPluginManager: Mounting plugin MatineeToLevelSequence
LogPluginManager: Mounting plugin NetcodeUnitTest
LogPluginManager: Mounting plugin NUTUnrealEngine4
LogPluginManager: Mounting plugin OnlineSubsystemGooglePlay
LogPluginManager: Mounting plugin OnlineSubsystemIOS
LogPluginManager: Mounting plugin OnlineSubsystem
LogPluginManager: Mounting plugin OnlineSubsystemNull
LogPluginManager: Mounting plugin OnlineSubsystemUtils
LogPluginManager: Mounting plugin LauncherChunkInstaller
LogPluginManager: Mounting plugin AndroidDeviceProfileSelector
LogPluginManager: Mounting plugin AndroidMoviePlayer
LogPluginManager: Mounting plugin AndroidPermission
LogPluginManager: Mounting plugin AppleMoviePlayer
LogPluginManager: Mounting plugin ArchVisCharacter
LogPluginManager: Mounting plugin AudioCapture
LogPluginManager: Mounting plugin CableComponent
LogPluginManager: Mounting plugin CustomMeshComponent
LogPluginManager: Mounting plugin EditableMesh
LogPluginManager: Mounting plugin ExampleDeviceProfileSelector
LogPluginManager: Mounting plugin GoogleCloudMessaging
LogConfig: Warning: Failed to saved backup for config[GoogleCloudMessaging]
LogPluginManager: Mounting plugin ImmediatePhysics
LogPluginManager: Mounting plugin IOSDeviceProfileSelector
LogPluginManager: Mounting plugin LinuxDeviceProfileSelector
LogPluginManager: Mounting plugin LocationServicesBPLibrary
LogPluginManager: Mounting plugin MobilePatchingUtils
LogPluginManager: Mounting plugin OculusVR
LogPluginManager: Plugin shader directory ../../../Engine/Plugins/Runtime/Oculus/OculusVR/Shaders found
LogPluginManager: Mapping shader source directory ../../../Engine/Plugins/Runtime/Oculus/OculusVR/Shaders to virtual directory /Plugin/OculusVR
LogConfig: Warning: Failed to saved backup for config[OculusVR]
LogPluginManager: Mounting plugin PhysXVehicles
LogConfig: Warning: Failed to saved backup for config[PhysXVehicles]
LogPluginManager: Mounting plugin ProceduralMeshComponent
LogPluginManager: Mounting plugin RuntimePhysXCooking
LogPluginManager: Mounting plugin SteamVR
LogPluginManager: Mounting plugin WindowsMoviePlayer
LogStreaming: Display: Took  0.336s to configure plugins.
LogInit: Using libcurl 7.55.1-DEV
LogInit:  - built for x86_64-pc-win32
LogInit:  - supports SSL with OpenSSL/1.0.2h
LogInit:  - supports HTTP deflate (compression) using libz 1.2.8
LogInit:  - other features:
LogInit:      CURL_VERSION_SSL
LogInit:      CURL_VERSION_LIBZ
LogInit:      CURL_VERSION_IPV6
LogInit:      CURL_VERSION_ASYNCHDNS
LogInit:      CURL_VERSION_LARGEFILE
LogInit:      CURL_VERSION_IDN
LogInit:  CurlRequestOptions (configurable via config and command line):
LogInit:  - bVerifyPeer = false  - Libcurl will NOT verify peer certificate
LogInit:  - bUseHttpProxy = false  - Libcurl will NOT use HTTP proxy
LogInit:  - bDontReuseConnections = false  - Libcurl will reuse connections
LogInit:  - CertBundlePath = nullptr  - Libcurl will use whatever was configured at build time.
LogInit:  - MaxHostConnections = 16  - Libcurl will limit the number of connections to a host
LogInit:  - LocalHostAddr = Default
LogInit:  - BufferSize = 65536
LogInit: WinSock: version 1.1 (2.2), MaxSocks=32767, MaxUdp=65467
LogInit: Build: ++UE4+Release-4.20-CL-4302132
LogInit: Engine Version: 4.20.2-4302132+++UE4+Release-4.20
LogInit: Compatible Engine Version: 4.20.0-4212847+++UE4+Release-4.20
LogInit: Net CL: 4212847
LogInit: OS: Windows 10 (), CPU: AMD FX(tm)-8350 Eight-Core Processor           , GPU: Radeon RX 580 Series
LogInit: Compiled (64-bit): Aug 21 2018 02:06:06
LogInit: Compiled with Visual C++: 19.13.26129.00
LogInit: Build Configuration: Development
LogInit: Branch Name: ++UE4+Release-4.20
LogInit: Command Line: 
LogInit: Base Directory: C:/Users/loedu/OneDrive/Documents/Fichiers à garder avant réinitialisation/Epic Games/UE_4.20/Engine/Binaries/Win64/
LogInit: Installed Engine Build: 1
LogDevObjectVersion: Number of dev versions registered: 20
LogDevObjectVersion:   Dev-Blueprints (B0D832E4-1F89-4F0D-ACCF-7EB736FD4AA2): 10
LogDevObjectVersion:   Dev-Build (E1C64328-A22C-4D53-A36C-8E866417BD8C): 0
LogDevObjectVersion:   Dev-Core (375EC13C-06E4-48FB-B500-84F0262A717E): 2
LogDevObjectVersion:   Dev-Editor (E4B068ED-F494-42E9-A231-DA0B2E46BB41): 24
LogDevObjectVersion:   Dev-Framework (CFFC743F-43B0-4480-9391-14DF171D2073): 34
LogDevObjectVersion:   Dev-Mobile (B02B49B5-BB20-44E9-A304-32B752E40360): 2
LogDevObjectVersion:   Dev-Networking (A4E4105C-59A1-49B5-A7C5-40C4547EDFEE): 0
LogDevObjectVersion:   Dev-Online (39C831C9-5AE6-47DC-9A44-9C173E1C8E7C): 0
LogDevObjectVersion:   Dev-Physics (78F01B33-EBEA-4F98-B9B4-84EACCB95AA2): 0
LogDevObjectVersion:   Dev-Platform (6631380F-2D4D-43E0-8009-CF276956A95A): 0
LogDevObjectVersion:   Dev-Rendering (12F88B9F-8875-4AFC-A67C-D90C383ABD29): 26
LogDevObjectVersion:   Dev-Sequencer (7B5AE74C-D270-4C10-A958-57980B212A5A): 9
LogDevObjectVersion:   Dev-VR (D7296918-1DD6-4BDD-9DE2-64A83CC13884): 2
LogDevObjectVersion:   Dev-LoadTimes (C2A15278-BFE7-4AFE-6C17-90FF531DF755): 1
LogDevObjectVersion:   Private-Geometry (6EACA3D4-40EC-4CC1-B786-8BED09428FC5): 3
LogDevObjectVersion:   Dev-AnimPhys (29E575DD-E0A3-4627-9D10-D276232CDCEA): 17
LogDevObjectVersion:   Dev-ReflectionCapture (6B266CEC-1EC7-4B8F-A30B-E4D90942FC07): 1
LogDevObjectVersion:   Dev-Automation (0DF73D61-A23F-47EA-B727-89E90C41499A): 1
LogDevObjectVersion:   FortniteMain (601D1886-AC64-4F84-AA16-D3DE0DEAC7D6): 12
LogDevObjectVersion:   Dev-Enterprise (9DFFBCD6-494F-0158-E221-12823C92A888): 1
LogStreaming: Display: Took  0.036s to delete old logs.
LogInit: Presizing for max 8388607 objects, including 0 objects not considered by GC, pre-allocating 0 bytes for permanent pool.
LogInit: Object subsystem initialized
[2019.10.23-09.54.07:091][  0]LogInit: Selected Device Profile: [Windows]
[2019.10.23-09.54.07:091][  0]LogInit: Applying CVar settings loaded from the selected device profile: [Windows]
[2019.10.23-09.54.07:159][  0]LogHAL: Display: Platform has ~ 16 GB [17148526592 / 17179869184 / 16], which maps to Larger [LargestMinGB=32, LargerMinGB=12, DefaultMinGB=8, SmallerMinGB=6, SmallestMinGB=0)
[2019.10.23-09.54.07:159][  0]LogInit: Setting Device Profile CVar: [[r.Vulkan.UseRealUBs:1]]
[2019.10.23-09.54.07:159][  0]LogInit: Going up to parent DeviceProfile []
[2019.10.23-09.54.07:166][  0]LogInit: Computer: DESKTOP-B3FPI2E
[2019.10.23-09.54.07:166][  0]LogInit: User: loedu
[2019.10.23-09.54.07:166][  0]LogInit: CPU Page size=4096, Cores=4
[2019.10.23-09.54.07:166][  0]LogInit: High frequency timer resolution =10.000000 MHz
[2019.10.23-09.54.07:166][  0]LogMemory: Memory total: Physical=16.0GB (16GB approx)
[2019.10.23-09.54.07:166][  0]LogMemory: Platform Memory Stats for Windows
[2019.10.23-09.54.07:166][  0]LogMemory: Process Physical Memory: 102.17 MB used, 102.18 MB peak
[2019.10.23-09.54.07:166][  0]LogMemory: Process Virtual Memory: 93.27 MB used, 93.27 MB peak
[2019.10.23-09.54.07:166][  0]LogMemory: Physical Memory: 5681.05 MB used,  10673.05 MB free, 16354.11 MB total
[2019.10.23-09.54.07:166][  0]LogMemory: Virtual Memory: 4630.90 MB used,  10673.05 MB free, 134217728.00 MB total
[2019.10.23-09.54.07:778][  0]LogInit: Using OS detected language (fr-FR).
[2019.10.23-09.54.07:779][  0]LogInit: Using OS detected locale (fr-FR).
[2019.10.23-09.54.07:817][  0]LogTextLocalizationManager: No specific localization for 'fr-FR' exists, so the 'fr' localization will be used.
[2019.10.23-09.54.07:907][  0]LogStreaming: Display: Took  0.128s to InitEngineTextLocalization.
[2019.10.23-09.54.07:907][  0]LogInit: Setting process to per monitor DPI aware
[2019.10.23-09.54.08:194][  0]LogSlate: New Slate User Created.  User Index 0, Is Virtual User: 0
[2019.10.23-09.54.08:194][  0]LogSlate: Slate User Registered.  User Index 0, Is Virtual User: 0
[2019.10.23-09.54.12:122][  0]LogHMD: Failed to initialize OpenVR with code 110
[2019.10.23-09.54.12:122][  0]LogD3D11RHI: D3D11 adapters:
[2019.10.23-09.54.12:247][  0]LogD3D11RHI:    0. 'Radeon RX 580 Series' (Feature Level 11_0)
[2019.10.23-09.54.12:247][  0]LogD3D11RHI:       8137/0/8177 MB DedicatedVideo/DedicatedSystem/SharedSystem, Outputs:2, VendorId:0x1002
[2019.10.23-09.54.12:250][  0]LogD3D11RHI:    1. 'Microsoft Basic Render Driver' (Feature Level 11_0)
[2019.10.23-09.54.12:250][  0]LogD3D11RHI:       0/0/8177 MB DedicatedVideo/DedicatedSystem/SharedSystem, Outputs:0, VendorId:0x1414
[2019.10.23-09.54.12:250][  0]LogD3D11RHI: Chosen D3D11 Adapter: 0
[2019.10.23-09.54.12:261][  0]LogD3D11RHI: Creating new Direct3DDevice
[2019.10.23-09.54.12:262][  0]LogD3D11RHI:     GPU DeviceId: 0x67df (for the marketing name, search the web for "GPU Device Id")
[2019.10.23-09.54.12:262][  0]LogWindows: EnumDisplayDevices:
[2019.10.23-09.54.12:262][  0]LogWindows:    0. 'Radeon RX 580 Series' (P:1 D:1)
[2019.10.23-09.54.12:262][  0]LogWindows:    1. 'Radeon RX 580 Series' (P:0 D:1)
[2019.10.23-09.54.12:263][  0]LogWindows:    2. 'Radeon RX 580 Series' (P:0 D:0)
[2019.10.23-09.54.12:263][  0]LogWindows:    3. 'Radeon RX 580 Series' (P:0 D:0)
[2019.10.23-09.54.12:264][  0]LogWindows:    4. 'Radeon RX 580 Series' (P:0 D:0)
[2019.10.23-09.54.12:264][  0]LogWindows:    5. 'Radeon RX 580 Series' (P:0 D:0)
[2019.10.23-09.54.12:265][  0]LogWindows:    6. 'Radeon RX 580 Series' (P:0 D:0)
[2019.10.23-09.54.12:266][  0]LogWindows:    7. 'Radeon RX 580 Series' (P:0 D:0)
[2019.10.23-09.54.12:266][  0]LogWindows: DebugString: FoundDriverCount:8 
[2019.10.23-09.54.12:266][  0]LogD3D11RHI:     Adapter Name: Radeon RX 580 Series
[2019.10.23-09.54.12:266][  0]LogD3D11RHI:   Driver Version: Adrenalin 2019 19.8.1 (internal:26.20.13001.29010, unified:26.20.13001.29010)
[2019.10.23-09.54.12:266][  0]LogD3D11RHI:      Driver Date: 8-8-2019
[2019.10.23-09.54.12:266][  0]LogRHI: Texture pool is 5695 MB (70% of 8137 MB)
[2019.10.23-09.54.12:357][  0]LogD3D11RHI: Async texture creation enabled
[2019.10.23-09.54.12:372][  0]LogD3D11RHI: GPU Timing Frequency: 25.000000 (Debug: 2 1)
[2019.10.23-09.54.12:374][  0]LogShaderCompilers: Guid format shader working directory is -7 characters bigger than the processId version (../../../../../../GitHub/Jeu-Foxing288/Jeu_Foxing288/Intermediate/Shaders/WorkingDirectory/14744/).
[2019.10.23-09.54.12:374][  0]LogShaderCompilers: Cleaned the shader compiler working directory 'C:/Users/loedu/AppData/Local/Temp/UnrealShaderWorkingDir/8B57FBC34C3BDF2617172ABCA91D0389/'.
[2019.10.23-09.54.13:415][  0]LogTemp: Display: Loaded TP AllDesktopTargetPlatform
[2019.10.23-09.54.13:445][  0]LogTemp: Display: Loaded TP MacClientTargetPlatform
[2019.10.23-09.54.13:470][  0]LogTemp: Display: Loaded TP MacNoEditorTargetPlatform
[2019.10.23-09.54.13:497][  0]LogTemp: Display: Loaded TP MacServerTargetPlatform
[2019.10.23-09.54.13:521][  0]LogTemp: Display: Loaded TP MacTargetPlatform
[2019.10.23-09.54.13:545][  0]LogTemp: Display: Loaded TP WindowsClientTargetPlatform
[2019.10.23-09.54.13:573][  0]LogTemp: Display: Loaded TP WindowsNoEditorTargetPlatform
[2019.10.23-09.54.13:615][  0]LogTemp: Display: Loaded TP WindowsServerTargetPlatform
[2019.10.23-09.54.13:686][  0]LogTemp: Display: Loaded TP WindowsTargetPlatform
[2019.10.23-09.54.13:931][  0]LogTemp: Display: Loaded TP AndroidTargetPlatform
[2019.10.23-09.54.13:931][  0]LogTemp: Display: Loaded TP AndroidTargetPlatform
[2019.10.23-09.54.13:931][  0]LogTemp: Display: Loaded TP AndroidTargetPlatform
[2019.10.23-09.54.13:931][  0]LogTemp: Display: Loaded TP AndroidTargetPlatform
[2019.10.23-09.54.13:931][  0]LogTemp: Display: Loaded TP AndroidTargetPlatform
[2019.10.23-09.54.13:931][  0]LogTemp: Display: Loaded TP AndroidTargetPlatform
[2019.10.23-09.54.13:931][  0]LogTemp: Display: Loaded TP AndroidTargetPlatform
[2019.10.23-09.54.13:931][  0]LogTemp: Display: Loaded TP AndroidTargetPlatform
[2019.10.23-09.54.13:931][  0]LogTemp: Display: Loaded TP AndroidTargetPlatform
[2019.10.23-09.54.13:931][  0]LogTemp: Display: Loaded TP AndroidTargetPlatform
[2019.10.23-09.54.13:931][  0]LogTemp: Display: Loaded TP AndroidTargetPlatform
[2019.10.23-09.54.13:931][  0]LogTemp: Display: Loaded TP AndroidTargetPlatform
[2019.10.23-09.54.13:931][  0]LogTemp: Display: Loaded TP AndroidTargetPlatform
[2019.10.23-09.54.13:931][  0]LogTemp: Display: Loaded TP AndroidTargetPlatform
[2019.10.23-09.54.13:931][  0]LogTemp: Display: Loaded TP AndroidTargetPlatform
[2019.10.23-09.54.13:931][  0]LogTemp: Display: Loaded TP AndroidTargetPlatform
[2019.10.23-09.54.13:931][  0]LogTemp: Display: Loaded TP AndroidTargetPlatform
[2019.10.23-09.54.13:931][  0]LogTemp: Display: Loaded TP AndroidTargetPlatform
[2019.10.23-09.54.13:958][  0]LogTemp: Display: Loaded TP HTML5TargetPlatform
[2019.10.23-09.54.14:098][  0]LogTemp: Display: Loaded TP IOSTargetPlatform
[2019.10.23-09.54.14:098][  0]LogTemp: Display: Loaded TP IOSTargetPlatform
[2019.10.23-09.54.14:173][  0]LogTemp: Display: Loaded TP TVOSTargetPlatform
[2019.10.23-09.54.14:173][  0]LogTemp: Display: Loaded TP TVOSTargetPlatform
[2019.10.23-09.54.14:221][  0]LogTemp: Display: Loaded TP LinuxClientTargetPlatform
[2019.10.23-09.54.14:255][  0]LogTemp: Display: Loaded TP LinuxNoEditorTargetPlatform
[2019.10.23-09.54.14:320][  0]LogTemp: Display: Loaded TP LinuxServerTargetPlatform
[2019.10.23-09.54.14:379][  0]LogTemp: Display: Loaded TP LinuxTargetPlatform
[2019.10.23-09.54.14:403][  0]LogTemp: Display: Loaded TP LuminTargetPlatform
[2019.10.23-09.54.14:403][  0]LogTargetPlatformManager: Display: Building Assets For Windows
[2019.10.23-09.54.15:190][  0]LogXGEController: Cleaning working directory: C:/Users/loedu/AppData/Local/Temp/UnrealXGEWorkingDir/
[2019.10.23-09.54.15:190][  0]LogXGEController: Cannot use XGE Controller as Incredibuild is not installed on this machine.
[2019.10.23-09.54.15:190][  0]LogShaderCompilers: Cannot use XGE Shader Compiler as Incredibuild is not installed on this machine.
[2019.10.23-09.54.15:191][  0]LogShaderCompilers: Display: Using Local Shader Compiler.
[2019.10.23-09.54.21:640][  0]LogDerivedDataCache: Display: Max Cache Size: 512 MB
[2019.10.23-09.54.22:207][  0]LogDerivedDataCache: Loaded boot cache 0.57s 71MB C:/Users/loedu/AppData/Local/UnrealEngine/4.20/DerivedDataCache/Boot.ddc.
[2019.10.23-09.54.22:209][  0]LogDerivedDataCache: Display: Loaded Boot cache: C:/Users/loedu/AppData/Local/UnrealEngine/4.20/DerivedDataCache/Boot.ddc
[2019.10.23-09.54.22:209][  0]LogDerivedDataCache: FDerivedDataBackendGraph:  Pak pak cache file ../../../../../../GitHub/Jeu-Foxing288/Jeu_Foxing288/DerivedDataCache/DDC.ddp not found, will not use a pak cache.
[2019.10.23-09.54.22:209][  0]LogDerivedDataCache: Unable to find inner node Pak for hierarchical cache Hierarchy.
[2019.10.23-09.54.22:209][  0]LogDerivedDataCache: FDerivedDataBackendGraph:  CompressedPak pak cache file ../../../../../../GitHub/Jeu-Foxing288/Jeu_Foxing288/DerivedDataCache/Compressed.ddp not found, will not use a pak cache.
[2019.10.23-09.54.22:209][  0]LogDerivedDataCache: Unable to find inner node CompressedPak for hierarchical cache Hierarchy.
[2019.10.23-09.54.22:274][  0]LogDerivedDataCache: Display: Pak cache opened for reading ../../../Engine/DerivedDataCache/Compressed.ddp.
[2019.10.23-09.54.22:291][  0]LogDerivedDataCache: Using Local data cache path C:/Users/loedu/AppData/Local/UnrealEngine/Common/DerivedDataCache: Writable
[2019.10.23-09.54.22:291][  0]LogDerivedDataCache: Shared data cache path not found in *engine.ini, will not use an Shared cache.
[2019.10.23-09.54.22:291][  0]LogDerivedDataCache: Unable to find inner node Shared for hierarchical cache Hierarchy.
[2019.10.23-09.54.22:329][  0]LogMaterial: Verifying Global Shaders for PCD3D_SM5
[2019.10.23-09.54.22:350][  0]LogSlate: Using FreeType 2.6.0
[2019.10.23-09.54.22:399][  0]LogSlate: SlateFontServices - WITH_FREETYPE: 1, WITH_HARFBUZZ: 1
[2019.10.23-09.54.23:959][  0]LogAssetRegistry: FAssetRegistry took 0.0315 seconds to start up
[2019.10.23-09.54.24:793][  0]LogInit: Selected Device Profile: [Windows]
[2019.10.23-09.54.26:946][  0]LogSimplygon: Simplygon DLL not present - disabling.
[2019.10.23-09.54.27:552][  0]LogMeshReduction: Using SimplygonSwarm for distributed automatic mesh merging
[2019.10.23-09.54.27:577][  0]LogMeshReduction: Using ProxyLODMeshReduction for automatic mesh merging
[2019.10.23-09.54.27:616][  0]LogMeshReduction: Using QuadricMeshReduction for automatic static mesh reduction
[2019.10.23-09.54.27:616][  0]LogMeshReduction: No automatic skeletal mesh reduction module available
[2019.10.23-09.54.27:984][  0]LogNetVersion: Jeu_Foxing288 1.0.0, NetCL: 4212847, EngineNetVer: 5, GameNetVer: 0 (Checksum: 1956030867)
[2019.10.23-09.54.32:111][  0]LogPackageLocalizationCache: Processed 11 localized package path(s) for 2 prioritized culture(s) in 0.245994 seconds
[2019.10.23-09.54.32:120][  0]LogUObjectArray: 38425 objects as part of root set at end of initial load.
[2019.10.23-09.54.32:121][  0]LogUObjectAllocator: 6690864 out of 0 bytes used by permanent object pool.
[2019.10.23-09.54.32:121][  0]LogUObjectArray: CloseDisregardForGC: 0/0 objects in disregard for GC pool
[2019.10.23-09.54.46:975][  0]LogAssetRegistry: Error: Failed to open file for write ../../../../../../GitHub/Jeu-Foxing288/Jeu_Foxing288/Intermediate/CachedAssetRegistry.bin
[2019.10.23-09.54.48:362][  0]LogTcpMessaging: Initializing TcpMessaging bridge
[2019.10.23-09.54.48:389][  0]LogUdpMessaging: Initializing bridge on interface 0.0.0.0:0 to multicast group 230.0.0.1:6666.
[2019.10.23-09.54.49:501][  0]SourceControl: Source control is disabled
[2019.10.23-09.54.49:501][  0]SourceControl: Source control is disabled
[2019.10.23-09.54.49:550][  0]SourceControl: Source control is disabled
[2019.10.23-09.54.49:575][  0]SourceControl: Source control is disabled
[2019.10.23-09.54.50:513][  0]LogConfig: Warning: Failed to saved backup for config[UnitTest]
[2019.10.23-09.54.50:552][  0]LogAndroidPermission: UAndroidPermissionCallbackProxy::GetInstance
[2019.10.23-09.54.51:221][  0]LogOcInput: OculusInput pre-init called
[2019.10.23-09.54.51:502][  0]LogEngine: Initializing Engine...
[2019.10.23-09.54.51:514][  0]LogHMD: Failed to initialize OpenVR with code 110
[2019.10.23-09.54.51:517][  0]LogStats: UGameplayTagsManager::ConstructGameplayTagTree: ImportINI prefixes -  0.000 s
[2019.10.23-09.54.51:517][  0]LogStats: UGameplayTagsManager::ConstructGameplayTagTree: Construct from data asset -  0.000 s
[2019.10.23-09.54.51:517][  0]LogStats: UGameplayTagsManager::ConstructGameplayTagTree: ImportINI -  0.000 s
[2019.10.23-09.54.51:517][  0]LogStats: UGameplayTagsManager::ConstructGameplayTagTree: GameplayTagTreeChangedEvent.Broadcast -  0.000 s
[2019.10.23-09.54.52:426][  0]LogInit: Initializing FReadOnlyCVARCache
[2019.10.23-09.54.52:465][  0]LogAIModule: Creating AISystem for world Untitled
[2019.10.23-09.54.52:634][  0]LogInit: XAudio2 using 'VoiceMeeter Input (VB-Audio VoiceMeeter VAIO)' : 2 channels at 48 kHz using 16 bits per sample (channel mask 0x3)
[2019.10.23-09.54.52:659][  0]LogInit: FAudioDevice initialized.
[2019.10.23-09.54.52:659][  0]LogNetVersion: Set ProjectVersion to 1.0.0.0. Version Checksum will be recalculated on next use.
[2019.10.23-09.54.52:942][  0]LogDerivedDataCache: Saved boot cache 0.28s 71MB C:/Users/loedu/AppData/Local/UnrealEngine/4.20/DerivedDataCache/Boot.ddc.
[2019.10.23-09.54.52:959][  0]LogInit: Texture streaming: Enabled
[2019.10.23-09.54.52:992][  0]LogEngineSessionManager: EngineSessionManager initialized
[2019.10.23-09.54.53:100][  0]LogInit: Transaction tracking system initialized
[2019.10.23-09.54.53:143][  0]BlueprintLog: New page: Editor Load
[2019.10.23-09.54.54:649][  0]LocalizationService: Localization service is disabled
[2019.10.23-09.54.58:048][  0]LogCook: Display: Max memory allowance for cook 16384mb min free memory 0mb
[2019.10.23-09.54.58:048][  0]LogCook: Display: Mobile HDR setting 1
[2019.10.23-09.54.58:048][  0]LogGameplayTags: Display: UGameplayTagsManager::DoneAddingNativeTags. DelegateIsBound: 0
[2019.10.23-09.54.58:048][  0]LogStats: UGameplayTagsManager::ConstructGameplayTagTree: ImportINI prefixes -  0.000 s
[2019.10.23-09.54.58:048][  0]LogStats: UGameplayTagsManager::ConstructGameplayTagTree: Construct from data asset -  0.000 s
[2019.10.23-09.54.58:049][  0]LogStats: UGameplayTagsManager::ConstructGameplayTagTree: ImportINI -  0.000 s
[2019.10.23-09.54.58:049][  0]LogStats: UGameplayTagsManager::ConstructGameplayTagTree: GameplayTagTreeChangedEvent.Broadcast -  0.000 s
[2019.10.23-09.54.58:745][  0]LogFileCache: Scanning file cache for directory 'C:/Users/loedu/OneDrive/Documents/GitHub/Jeu-Foxing288/Jeu_Foxing288/Content/' took 0.02s
[2019.10.23-09.55.02:465][  0]SourceControl: Source control is disabled
[2019.10.23-09.55.02:465][  0]Cmd: MAP LOAD FILE="../../../../../../GitHub/Jeu-Foxing288/Jeu_Foxing288/Content/Levels/TestLevel.umap" TEMPLATE=0 SHOWPROGRESS=1 FEATURELEVEL=3
[2019.10.23-09.55.02:466][  0]LightingResults: New page: Lighting Build
[2019.10.23-09.55.02:481][  0]MapCheck: New page: Map Check
[2019.10.23-09.55.02:481][  0]LightingResults: New page: Lighting Build
[2019.10.23-09.55.08:644][  0]LogDerivedDataCache: FFileSystemDerivedDataBackend: Move collision, attempt at redundant update, OK C:/Users/loedu/AppData/Local/UnrealEngine/Common/DerivedDataCache/0/6/4/NAVCOLLISION_B89838347A4348138EE337A847529C5C_NAVCOLLISION_X_716198BF4833AD03E__494B2CDBADA67C56492FF461814FF092E80756F3.udd.
[2019.10.23-09.55.08:644][  0]LogDerivedDataCache: FFileSystemDerivedDataBackend: Move collision, attempt at redundant update, OK C:/Users/loedu/AppData/Local/UnrealEngine/Common/DerivedDataCache/7/6/0/NAVCOLLISION_B89838347A4348138EE337A847529C5C_NAVCOLLISION_X_C49475EA46F341A22__9C6748006E97269C81B4689A93DBDDFC910E529B.udd.
[2019.10.23-09.55.08:644][  0]LogDerivedDataCache: FFileSystemDerivedDataBackend: Move collision, attempt at redundant update, OK C:/Users/loedu/AppData/Local/UnrealEngine/Common/DerivedDataCache/3/7/2/NAVCOLLISION_B89838347A4348138EE337A847529C5C_NAVCOLLISION_X_562E2C9943D7DC34A__723100DACC2E10A8957C1F445D0A32529AD2B8A8.udd.
[2019.10.23-09.55.08:644][  0]LogDerivedDataCache: FFileSystemDerivedDataBackend: Move collision, attempt at redundant update, OK C:/Users/loedu/AppData/Local/UnrealEngine/Common/DerivedDataCache/8/9/7/NAVCOLLISION_B89838347A4348138EE337A847529C5C_NAVCOLLISION_X_D153C792412D68F87__46F79A8D09487F0B7B0477E4D79223E181ADD0AD.udd.
[2019.10.23-09.55.08:644][  0]LogDerivedDataCache: FFileSystemDerivedDataBackend: Move collision, attempt at redundant update, OK C:/Users/loedu/AppData/Local/UnrealEngine/Common/DerivedDataCache/4/8/5/NAVCOLLISION_B89838347A4348138EE337A847529C5C_NAVCOLLISION_X_33E9E2954F2745861__9271200CBD1D2B5C5DCCC05DB83F5AD7FD8ECB03.udd.
[2019.10.23-09.55.08:644][  0]LogDerivedDataCache: FFileSystemDerivedDataBackend: Move collision, attempt at redundant update, OK C:/Users/loedu/AppData/Local/UnrealEngine/Common/DerivedDataCache/0/0/2/NAVCOLLISION_B89838347A4348138EE337A847529C5C_NAVCOLLISION_X_09A551D143EEADB79__E765AAB67C99438E9CF6A7617F78BBF66069E0A1.udd.
[2019.10.23-09.55.08:807][  0]LogAIModule: Creating AISystem for world TestLevel
[2019.10.23-09.55.08:868][  0]LogEditorServer: Finished looking for orphan Actors (0.000 secs)
[2019.10.23-09.55.08:971][  0]Cmd: MAP CHECKDEP NOCLEARLOG
[2019.10.23-09.55.09:195][  0]MapCheck: Map check complete: 0 Error(s), 0 Warning(s), took 224,38ms to complete.
[2019.10.23-09.55.09:195][  0]LogFileHelpers: Loading map 'TestLevel' took 6.731
[2019.10.23-09.55.09:420][  0]LogSlate: Updating window title bar state: overlay mode, drag disabled, window buttons hidden, title bar hidden
[2019.10.23-09.55.09:432][  0]LogSlate: Updating window title bar state: overlay mode, drag disabled, window buttons hidden, title bar hidden
[2019.10.23-09.55.09:444][  0]LogSlate: Updating window title bar state: overlay mode, drag disabled, window buttons hidden, title bar hidden
[2019.10.23-09.55.09:458][  0]LogSlate: Updating window title bar state: overlay mode, drag disabled, window buttons hidden, title bar hidden
[2019.10.23-09.55.09:518][  0]LogCollectionManager: Loaded 0 collections in 0.004146 seconds
[2019.10.23-09.55.09:591][  0]LogFileCache: Scanning file cache for directory 'C:/Users/loedu/OneDrive/Documents/GitHub/Jeu-Foxing288/Jeu_Foxing288/Saved/Collections/' took 0.01s
[2019.10.23-09.55.09:591][  0]LogFileCache: Scanning file cache for directory 'C:/Users/loedu/OneDrive/Documents/GitHub/Jeu-Foxing288/Jeu_Foxing288/Content/Developers/loedu/Collections/' took 0.00s
[2019.10.23-09.55.09:591][  0]LogFileCache: Scanning file cache for directory 'C:/Users/loedu/OneDrive/Documents/GitHub/Jeu-Foxing288/Jeu_Foxing288/Content/Collections/' took 0.01s
[2019.10.23-09.55.09:591][  0]LogCollectionManager: Rebuilt the GUID cache for 0 collections in 0.000000 seconds
[2019.10.23-09.55.09:625][  0]LogContentBrowser: Native class hierarchy populated in 0.0337 seconds. Added 2572 classes and 603 folders.
[2019.10.23-09.55.09:655][  0]LogContentBrowser: Native class hierarchy updated for 'WidgetCarousel' in 0.0003 seconds. Added 0 classes and 0 folders.
[2019.10.23-09.55.12:176][  0]LogContentBrowser: Native class hierarchy updated for 'AddContentDialog' in 0.0004 seconds. Added 0 classes and 0 folders.
[2019.10.23-09.55.12:237][  0]LogContentBrowser: Native class hierarchy updated for 'SceneOutliner' in 0.0004 seconds. Added 1 classes and 2 folders.
[2019.10.23-09.55.12:481][  0]LogSlate: Took 0.023943 seconds to synchronously load lazily loaded font '../../../Engine/Content/Slate/Fonts/Roboto-Regular.ttf' (155K)
[2019.10.23-09.55.12:499][  0]LogSlate: Took 0.015765 seconds to synchronously load lazily loaded font '../../../Engine/Content/Slate/Fonts/Roboto-Bold.ttf' (160K)
[2019.10.23-09.55.12:519][  0]LogSlate: Took 0.015333 seconds to synchronously load lazily loaded font '../../../Engine/Content/Editor/Slate/Fonts/FontAwesome.ttf' (139K)
[2019.10.23-09.55.12:989][  0]LogRenderer: Reallocating scene render targets to support 1208x576 Format 10 NumSamples 1 (Frame:1).
[2019.10.23-09.55.13:264][  0]LogContentBrowser: Native class hierarchy updated for 'HierarchicalLODOutliner' in 0.0004 seconds. Added 0 classes and 0 folders.
[2019.10.23-09.55.13:264][  0]LogLoad: (Engine Initialization) Total time: 101.19 seconds
[2019.10.23-09.55.13:264][  0]LogLoad: (Engine Initialization) Total Blueprint compile time: 0.00 seconds
[2019.10.23-09.55.13:332][  0]LogContentStreaming: Texture pool size now 1000 MB
[2019.10.23-09.55.13:438][  0]LogSlate: Took 0.011436 seconds to synchronously load lazily loaded font '../../../Engine/Content/Slate/Fonts/Roboto-Light.ttf' (167K)
[2019.10.23-09.55.13:668][  2]LogAssetRegistry: Asset discovery search completed in 49.7306 seconds
[2019.10.23-09.55.13:672][  2]LogCollectionManager: Rebuilt the object cache for 0 collections in 0.000000 seconds (found 0 objects)
[2019.10.23-09.55.13:673][  2]LogCollectionManager: Fixed up redirectors for 0 collections in 0.000106 seconds (updated 0 objects)
[2019.10.23-09.55.14:662][  5]LogSlate: Took 0.000456 seconds to synchronously load lazily loaded font '../../../Engine/Content/Slate/Fonts/Roboto-Light.ttf' (167K)
[2019.10.23-10.07.41:676][232]LogWindowsTextInputMethodSystem: Display: IME system now deactivated.
[2019.10.23-10.07.41:676][232]LogWindowsTextInputMethodSystem: Display: IME system now deactivated.
[2019.10.23-10.07.45:165][604]LogSlate: FSceneViewport::OnFocusLost() reason 2
[2019.10.23-10.07.45:725][664]LogSlate: FSceneViewport::OnFocusLost() reason 2
[2019.10.23-10.07.46:492][664]LogSlate: Window 'New Level' being destroyed
[2019.10.23-10.07.46:503][664]Cmd: MAP LOAD FILE="../../../Engine/Content/Maps/Templates/Template_Default.umap" TEMPLATE=1 SHOWPROGRESS=1 FEATURELEVEL=3
[2019.10.23-10.07.46:522][664]LogSlate: FSceneViewport::OnFocusLost() reason 2
[2019.10.23-10.07.46:534][664]LightingResults: New page: Lighting Build
[2019.10.23-10.07.46:535][664]LoadErrors: New page: Loading map: Template_Default.umap
[2019.10.23-10.07.46:539][664]MapCheck: New page: Map Check
[2019.10.23-10.07.46:539][664]LightingResults: New page: Lighting Build
[2019.10.23-10.07.46:695][664]LogAIModule: Creating AISystem for world Untitled_1
[2019.10.23-10.07.46:790][664]LogEditorServer: Finished looking for orphan Actors (0.000 secs)
[2019.10.23-10.07.46:918][664]Cmd: MAP CHECKDEP NOCLEARLOG
[2019.10.23-10.07.47:100][664]MapCheck: Map check complete: 0 Error(s), 0 Warning(s), took 182,012ms to complete.
[2019.10.23-10.07.47:101][664]LogFileHelpers: Loading map 'Template_Default' took 0.600
[2019.10.23-10.07.48:728][841]LogEditorViewport: Clicking on Actor (LMB): StaticMeshActor (Floor)
[2019.10.23-10.07.49:586][922]Cmd: DELETE
[2019.10.23-10.07.49:586][922]Cmd: ACTOR DELETE
[2019.10.23-10.07.49:589][922]LogEditorActor: Deleted Actor: StaticMeshActor
[2019.10.23-10.07.49:699][922]LogEditorActor: Deleted 1 Actors (0.113 secs)
[2019.10.23-10.07.50:907][ 60]LogSlate: FSceneViewport::OnFocusLost() reason 0
[2019.10.23-10.07.51:214][ 70]LogTexture: Display: Building textures: Texture2D_2 (G8, 128X128)
[2019.10.23-10.07.59:785][686]LogSlate: FSceneViewport::OnFocusLost() reason 0
[2019.10.23-10.08.09:559][561]LogStats: FPlatformStackWalk::StackWalkAndDump -  2.397 s
[2019.10.23-10.08.09:559][561]LogOutputDevice: Error: === Handled ensure: ===
[2019.10.23-10.08.09:559][561]LogOutputDevice: Error: 
[2019.10.23-10.08.09:559][561]LogOutputDevice: Error: Ensure condition failed: !InputKeys.Contains(Key) [File:D:\Build\++UE4\Sync\Engine\Source\Runtime\InputCore\Private\InputCoreTypes.cpp] [Line: 717]
[2019.10.23-10.08.09:559][561]LogOutputDevice: Error: Adding duplicate key 'UnknownCharCode_60'
[2019.10.23-10.08.09:559][561]LogOutputDevice: Error: Stack: 
[2019.10.23-10.08.09:559][561]LogOutputDevice: Error: [Callstack] 0x00007ffb393a71e6 UE4Editor-Core.dll!UnknownFunction []
[2019.10.23-10.08.09:559][561]LogOutputDevice: Error: [Callstack] 0x00007ffb390e0c82 UE4Editor-Core.dll!UnknownFunction []
[2019.10.23-10.08.09:559][561]LogOutputDevice: Error: [Callstack] 0x00007ffb390fb346 UE4Editor-Core.dll!UnknownFunction []
[2019.10.23-10.08.09:559][561]LogOutputDevice: Error: [Callstack] 0x00007ffb4cca97d8 UE4Editor-InputCore.dll!UnknownFunction []
[2019.10.23-10.08.09:559][561]LogOutputDevice: Error: [Callstack] 0x00007ffb4ccad6a5 UE4Editor-InputCore.dll!UnknownFunction []
[2019.10.23-10.08.09:559][561]LogOutputDevice: Error: [Callstack] 0x00007ffb0a7d99a9 UE4Editor-Slate.dll!UnknownFunction []
[2019.10.23-10.08.09:559][561]LogOutputDevice: Error: [Callstack] 0x00007ffb4cbccfd6 UE4Editor-ApplicationCore.dll!UnknownFunction []
[2019.10.23-10.08.09:560][561]LogOutputDevice: Error: [Callstack] 0x00007ffb4cbc0270 UE4Editor-ApplicationCore.dll!UnknownFunction []
[2019.10.23-10.08.09:560][561]LogOutputDevice: Error: [Callstack] 0x00007ffb4cbcf4c5 UE4Editor-ApplicationCore.dll!UnknownFunction []
[2019.10.23-10.08.09:560][561]LogOutputDevice: Error: [Callstack] 0x00007ffb4cbbc209 UE4Editor-ApplicationCore.dll!UnknownFunction []
[2019.10.23-10.08.09:560][561]LogOutputDevice: Error: [Callstack] 0x00007ffb744863ed USER32.dll!UnknownFunction []
[2019.10.23-10.08.09:560][561]LogOutputDevice: Error: [Callstack] 0x00007ffb74485de2 USER32.dll!UnknownFunction []
[2019.10.23-10.08.09:560][561]LogOutputDevice: Error: [Callstack] 0x00007ffb4cbd0646 UE4Editor-ApplicationCore.dll!UnknownFunction []
[2019.10.23-10.08.09:560][561]LogOutputDevice: Error: [Callstack] 0x00007ff75f3a54e5 UE4Editor.exe!UnknownFunction []
[2019.10.23-10.08.09:560][561]LogOutputDevice: Error: [Callstack] 0x00007ff75f3b5b3c UE4Editor.exe!UnknownFunction []
[2019.10.23-10.08.09:560][561]LogOutputDevice: Error: [Callstack] 0x00007ff75f3b5bba UE4Editor.exe!UnknownFunction []
[2019.10.23-10.08.09:560][561]LogOutputDevice: Error: [Callstack] 0x00007ff75f3c3dac UE4Editor.exe!UnknownFunction []
[2019.10.23-10.08.09:560][561]LogOutputDevice: Error: [Callstack] 0x00007ff75f3c5aaa UE4Editor.exe!UnknownFunction []
[2019.10.23-10.08.09:560][561]LogOutputDevice: Error: [Callstack] 0x00007ffb743c7bd4 KERNEL32.DLL!UnknownFunction []
[2019.10.23-10.08.09:560][561]LogOutputDevice: Error: [Callstack] 0x00007ffb7596ced1 ntdll.dll!UnknownFunction []
[2019.10.23-10.08.09:560][561]LogOutputDevice: Error: 
[2019.10.23-10.08.09:571][561]LogStats:                SubmitErrorReport -  0.000 s
[2019.10.23-10.08.14:374][561]LogStats:                    SendNewReport -  4.802 s
[2019.10.23-10.08.14:374][561]LogStats:             FDebug::EnsureFailed -  7.211 s
[2019.10.23-10.08.28:709][744]LogSlate: FSceneViewport::OnFocusLost() reason 0
[2019.10.23-10.08.34:732][430]LogSlate: FSceneViewport::OnFocusLost() reason 0
[2019.10.23-10.08.38:816][828]LogTexture: Display: Building textures: Texture2D_0 (BGRA8, 512X512)
[2019.10.23-10.08.38:835][828]LogTexture: Display: Building textures: Texture2D_1 (BGRA8, 512X512)
[2019.10.23-10.08.38:849][828]LogTexture: Display: Building textures: Texture2D_2 (BGRA8, 512X512)
[2019.10.23-10.08.38:862][828]LogTexture: Display: Building textures: Texture2D_3 (BGRA8, 512X512)
[2019.10.23-10.08.38:875][828]LogTexture: Display: Building textures: Texture2D_4 (BGRA8, 512X512)
[2019.10.23-10.08.38:887][828]LogTexture: Display: Building textures: Texture2D_5 (BGRA8, 512X512)
[2019.10.23-10.08.38:901][828]LogTexture: Display: Building textures: Texture2D_6 (BGRA8, 512X512)
[2019.10.23-10.08.38:915][828]LogTexture: Display: Building textures: Texture2D_7 (BGRA8, 512X512)
[2019.10.23-10.09.05:788][103]LogWindowsTextInputMethodSystem: Display: IME system now deactivated.
[2019.10.23-10.09.05:788][103]LogWindowsTextInputMethodSystem: Display: IME system now deactivated.
[2019.10.23-10.09.14:123][808]LogWindowsTextInputMethodSystem: Display: IME system now deactivated.
[2019.10.23-10.09.14:123][808]LogWindowsTextInputMethodSystem: Display: IME system now deactivated.
[2019.10.23-10.09.19:290][244]LogSlate: FSceneViewport::OnFocusLost() reason 0
[2019.10.23-10.12.07:755][769]LogSlate: FSceneViewport::OnFocusLost() reason 0
[2019.10.23-10.12.09:550][914]LogContentBrowser: Native class hierarchy updated for 'WorldBrowser' in 0.0004 seconds. Added 2 classes and 3 folders.
[2019.10.23-10.12.14:084][301]LogSlate: Window 'Levels' being destroyed
[2019.10.23-10.17.46:073][378]Cmd: OBJ SAVEPACKAGE PACKAGE="/Temp/Untitled_1" FILE="../../../../../../GitHub/Jeu-Foxing288/Jeu_Foxing288/Saved/Autosaves/Temp/Untitled_1_Auto1.umap" SILENT=true AUTOSAVING=true KEEPDIRTY=false
[2019.10.23-10.17.46:203][378]LogTexture: Display: Building textures: Texture2D_7 (BGRA8, 512X512)
[2019.10.23-10.17.47:665][378]LogSavePackage: Moving '../../../../../../GitHub/Jeu-Foxing288/Jeu_Foxing288/Saved/Untitled_1_Auto1D215274B407F2E0B2B0688AA0D481454.tmp' to '../../../../../../GitHub/Jeu-Foxing288/Jeu_Foxing288/Saved/Autosaves/Temp/Untitled_1_Auto1.umap'
[2019.10.23-10.17.47:688][378]LogFileHelpers: Editor autosave (incl. sublevels) for '/Temp/Untitled_1' took 1.714
[2019.10.23-10.17.47:688][378]LogFileHelpers: Editor autosave (incl. sublevels) for all levels took 1.714
[2019.10.23-11.44.52:796][848]LogHttp: Warning: 0000023381807D80: request failed, libcurl error: 6 (Couldn't resolve host name)
[2019.10.23-11.44.52:796][848]LogHttp: Warning: 0000023381807D80: libcurl info message cache 0 (Found bundle for host datarouter.ol.epicgames.com: 0x233a40a3fa0 [can pipeline])
[2019.10.23-11.44.52:796][848]LogHttp: Warning: 0000023381807D80: libcurl info message cache 1 (Re-using existing connection! (#9) with host datarouter.ol.epicgames.com)
[2019.10.23-11.44.52:796][848]LogHttp: Warning: 0000023381807D80: libcurl info message cache 2 (Connected to datarouter.ol.epicgames.com (3.216.167.239) port 443 (#9))
[2019.10.23-11.44.52:796][848]LogHttp: Warning: 0000023381807D80: libcurl info message cache 3 (OpenSSL SSL_read: SSL_ERROR_SYSCALL, errno 10054)
[2019.10.23-11.44.52:796][848]LogHttp: Warning: 0000023381807D80: libcurl info message cache 4 (Connection died, retrying a fresh connect)
[2019.10.23-11.44.52:796][848]LogHttp: Warning: 0000023381807D80: libcurl info message cache 5 (Closing connection 9)
[2019.10.23-11.44.52:796][848]LogHttp: Warning: 0000023381807D80: libcurl info message cache 6 (Issue another request to this URL: 'https://datarouter.ol.epicgames.com/datarouter/api/v1/public/data?SessionID=%7B786B72CF-407E-1B60-AC26-0AA688F88239%7D&AppID=UEEditor.Rocket.Release&AppVersion=4.20.2-4302132%2B%2B%2BUE4%2BRelease-4.20&UserID=9b0a52c14a5c7a9620735097bff624ad%7C5c5ab3be1d1d4eee8e0eec12c688a783%7C0f3abe9a-5cc9-4b26-971d-38f182d2bb9b&AppEnvironment=datacollector-binary&UploadType=eteventstream')
[2019.10.23-11.44.52:796][848]LogHttp: Warning: 0000023381807D80: libcurl info message cache 7 (Could not resolve host: datarouter.ol.epicgames.com)
[2019.10.23-11.44.52:796][848]LogHttp: Warning: 0000023381807D80: libcurl info message cache 8 (Closing connection 10)
[2019.10.23-11.46.53:399][288]LogHttp: Warning: 0000023381807240: request failed, libcurl error: 6 (Couldn't resolve host name)
[2019.10.23-11.46.53:399][288]LogHttp: Warning: 0000023381807240: libcurl info message cache 0 (Could not resolve host: datarouter.ol.epicgames.com)
[2019.10.23-11.46.53:399][288]LogHttp: Warning: 0000023381807240: libcurl info message cache 1 (Closing connection 11)
[2019.10.23-12.05.36:614][631]LogSlate: Window 'Save Content' being destroyed
[2019.10.23-12.05.36:816][631]LogSlate: Window 'Jeu_Foxing288 - Unreal Editor' being destroyed
[2019.10.23-12.05.37:194][632]Cmd: QUIT_EDITOR
[2019.10.23-12.05.37:271][632]LogWindowsTextInputMethodSystem: Display: IME system now deactivated.
[2019.10.23-12.05.37:308][632]LogExit: Preparing to exit.
[2019.10.23-12.05.38:485][632]LogExit: Editor shut down
[2019.10.23-12.05.38:487][632]LogExit: Transaction tracking system shut down
[2019.10.23-12.05.39:090][632]LogExit: Object subsystem successfully closed.
[2019.10.23-12.05.39:212][632]LogShaderCompilers: Display: Shaders left to compile 0
[2019.10.23-12.05.39:222][632]LogD3D11RHI: Shutdown
[2019.10.23-12.05.39:222][632]LogD3D11RHI: CleanupD3DDevice
[2019.10.23-12.05.39:228][632]LogD3D11RHI: ~FD3D11DynamicRHI
[2019.10.23-12.05.39:694][632]LogModuleManager: Shutting down and abandoning module WorldBrowser (616)
[2019.10.23-12.05.39:695][632]LogModuleManager: Shutting down and abandoning module HierarchicalLODUtilities (614)
[2019.10.23-12.05.39:695][632]LogModuleManager: Shutting down and abandoning module NewLevelDialog (612)
[2019.10.23-12.05.39:695][632]LogModuleManager: Shutting down and abandoning module HierarchicalLODOutliner (610)
[2019.10.23-12.05.39:695][632]LogModuleManager: Shutting down and abandoning module SceneOutliner (608)
[2019.10.23-12.05.39:695][632]LogModuleManager: Shutting down and abandoning module AddContentDialog (606)
[2019.10.23-12.05.39:698][632]LogModuleManager: Shutting down and abandoning module WidgetCarousel (605)
[2019.10.23-12.05.39:698][632]LogModuleManager: Shutting down and abandoning module EditorWidgets (602)
[2019.10.23-12.05.39:698][632]LogModuleManager: Shutting down and abandoning module CollectionManager (600)
[2019.10.23-12.05.39:735][632]LogModuleManager: Shutting down and abandoning module StatsViewer (598)
[2019.10.23-12.05.39:735][632]LogModuleManager: Shutting down and abandoning module FoliageEdit (596)
[2019.10.23-12.05.39:735][632]LogModuleManager: Shutting down and abandoning module LandscapeEditor (594)
[2019.10.23-12.05.39:735][632]LogModuleManager: Shutting down and abandoning module MeshPaintMode (592)
[2019.10.23-12.05.39:735][632]LogModuleManager: Shutting down and abandoning module SceneDepthPickerMode (590)
[2019.10.23-12.05.39:735][632]LogModuleManager: Shutting down and abandoning module ActorPickerMode (588)
[2019.10.23-12.05.39:735][632]LogModuleManager: Shutting down and abandoning module GeometryMode (586)
[2019.10.23-12.05.39:735][632]LogModuleManager: Shutting down and abandoning module TextureAlignMode (584)
[2019.10.23-12.05.39:735][632]LogModuleManager: Shutting down and abandoning module BspMode (582)
[2019.10.23-12.05.39:735][632]LogModuleManager: Shutting down and abandoning module PIEPreviewDeviceProfileSelector (580)
[2019.10.23-12.05.39:736][632]LogModuleManager: Shutting down and abandoning module SequenceRecorderSections (578)
[2019.10.23-12.05.39:736][632]LogModuleManager: Shutting down and abandoning module AutomationWorker (576)
[2019.10.23-12.05.39:736][632]LogModuleManager: Shutting down and abandoning module AudioCaptureEditor (574)
[2019.10.23-12.05.39:736][632]LogModuleManager: Shutting down and abandoning module SequenceRecorder (573)
[2019.10.23-12.05.39:736][632]LogModuleManager: Shutting down and abandoning module MatineeToLevelSequence (570)
[2019.10.23-12.05.39:736][632]LogModuleManager: Shutting down and abandoning module LevelSequenceEditor (568)
[2019.10.23-12.05.39:766][632]LogModuleManager: Shutting down and abandoning module PlacementMode (567)
[2019.10.23-12.05.39:766][632]LogModuleManager: Shutting down and abandoning module MaterialEditor (566)
[2019.10.23-12.05.39:766][632]LogModuleManager: Shutting down and abandoning module WmfMediaFactory (562)
[2019.10.23-12.05.39:766][632]LogModuleManager: Shutting down and abandoning module WmfMediaEditor (560)
[2019.10.23-12.05.39:766][632]LogModuleManager: Shutting down and abandoning module MediaPlayerEditor (558)
[2019.10.23-12.05.39:772][632]LogModuleManager: Shutting down and abandoning module OpenExrWrapper (556)
[2019.10.23-12.05.39:772][632]LogModuleManager: Shutting down and abandoning module ImgMediaFactory (554)
[2019.10.23-12.05.39:773][632]LogModuleManager: Shutting down and abandoning module ImgMediaEditor (552)
[2019.10.23-12.05.39:773][632]LogModuleManager: Shutting down and abandoning module AvfMediaFactory (550)
[2019.10.23-12.05.39:773][632]LogModuleManager: Shutting down and abandoning module AvfMediaEditor (548)
[2019.10.23-12.05.39:773][632]LogModuleManager: Shutting down and abandoning module AndroidMediaFactory (546)
[2019.10.23-12.05.39:773][632]LogModuleManager: Shutting down and abandoning module AndroidMediaEditor (544)
[2019.10.23-12.05.39:773][632]LogModuleManager: Shutting down and abandoning module MagicLeapCameraPreviewFactory (542)
[2019.10.23-12.05.39:773][632]LogModuleManager: Shutting down and abandoning module MagicLeapMediaFactory (540)
[2019.10.23-12.05.39:773][632]LogModuleManager: Shutting down and abandoning module MagicLeapMediaEditor (538)
[2019.10.23-12.05.39:773][632]LogModuleManager: Shutting down and abandoning module CharacterAI (536)
[2019.10.23-12.05.39:773][632]LogModuleManager: Shutting down and abandoning module SmartSnapping (534)
[2019.10.23-12.05.39:773][632]LogModuleManager: Shutting down and abandoning module SessionServices (532)
[2019.10.23-12.05.39:773][632]LogModuleManager: Shutting down and abandoning module ViewportSnapping (530)
[2019.10.23-12.05.39:773][632]LogModuleManager: Shutting down and abandoning module ViewportInteraction (528)
[2019.10.23-12.05.39:773][632]LogModuleManager: Shutting down and abandoning module ClothPainter (526)
[2019.10.23-12.05.39:785][632]LogModuleManager: Shutting down and abandoning module SkeletalMeshEditor (525)
[2019.10.23-12.05.39:795][632]LogModuleManager: Shutting down and abandoning module LogVisualizer (522)
[2019.10.23-12.05.39:796][632]LogModuleManager: Shutting down and abandoning module IntroTutorials (520)
[2019.10.23-12.05.39:796][632]LogModuleManager: Shutting down and abandoning module GameProjectGeneration (519)
[2019.10.23-12.05.39:796][632]LogModuleManager: Shutting down and abandoning module LuminPlatformEditor (516)
[2019.10.23-12.05.39:796][632]LogModuleManager: Shutting down and abandoning module IOSPlatformEditor (514)
[2019.10.23-12.05.39:796][632]LogModuleManager: Shutting down and abandoning module HTML5PlatformEditor (512)
[2019.10.23-12.05.39:796][632]LogModuleManager: Shutting down and abandoning module AndroidPlatformEditor (510)
[2019.10.23-12.05.39:796][632]LogModuleManager: Shutting down and abandoning module AndroidDeviceDetection (509)
[2019.10.23-12.05.41:633][632]LogModuleManager: Shutting down and abandoning module WindowsPlatformEditor (506)
[2019.10.23-12.05.41:633][632]LogModuleManager: Shutting down and abandoning module LuminRuntimeSettings (504)
[2019.10.23-12.05.41:633][632]LogModuleManager: Shutting down and abandoning module IOSRuntimeSettings (502)
[2019.10.23-12.05.41:633][632]LogModuleManager: Shutting down and abandoning module AndroidRuntimeSettings (500)
[2019.10.23-12.05.41:633][632]LogModuleManager: Shutting down and abandoning module InputBindingEditor (498)
[2019.10.23-12.05.41:654][632]LogModuleManager: Shutting down and abandoning module MergeActors (496)
[2019.10.23-12.05.41:654][632]LogModuleManager: Shutting down and abandoning module LocalizationDashboard (494)
[2019.10.23-12.05.41:667][632]LogModuleManager: Shutting down and abandoning module LocalizationService (493)
[2019.10.23-12.05.41:676][632]LogModuleManager: Shutting down and abandoning module HardwareTargeting (490)
[2019.10.23-12.05.41:676][632]LogModuleManager: Shutting down and abandoning module DeviceProfileEditor (488)
[2019.10.23-12.05.41:676][632]LogModuleManager: Shutting down and abandoning module UndoHistory (486)
[2019.10.23-12.05.41:676][632]LogModuleManager: Shutting down and abandoning module XmlParser (484)
[2019.10.23-12.05.41:676][632]LogModuleManager: Shutting down and abandoning module Blutility (482)
[2019.10.23-12.05.41:676][632]LogModuleManager: Shutting down and abandoning module ProjectSettingsViewer (480)
[2019.10.23-12.05.41:677][632]LogModuleManager: Shutting down and abandoning module ProjectTargetPlatformEditor (479)
[2019.10.23-12.05.41:677][632]LogModuleManager: Shutting down and abandoning module EditorSettingsViewer (476)
[2019.10.23-12.05.41:677][632]LogModuleManager: Shutting down and abandoning module SettingsEditor (474)
[2019.10.23-12.05.41:677][632]LogModuleManager: Shutting down and abandoning module ProjectLauncher (472)
[2019.10.23-12.05.41:692][632]LogModuleManager: Shutting down and abandoning module SessionFrontend (470)
[2019.10.23-12.05.41:692][632]LogModuleManager: Shutting down and abandoning module ProfilerClient (468)
[2019.10.23-12.05.41:700][632]LogModuleManager: Shutting down and abandoning module DeviceManager (466)
[2019.10.23-12.05.41:700][632]LogModuleManager: Shutting down and abandoning module TargetDeviceServices (465)
[2019.10.23-12.05.41:767][632]LogModuleManager: Shutting down and abandoning module AutomationController (462)
[2019.10.23-12.05.41:781][632]LogModuleManager: Shutting down and abandoning module AutomationWindow (460)
[2019.10.23-12.05.41:794][632]LogModuleManager: Shutting down and abandoning module Layers (458)
[2019.10.23-12.05.41:794][632]LogModuleManager: Shutting down and abandoning module ComponentVisualizers (456)
[2019.10.23-12.05.41:794][632]LogModuleManager: Shutting down and abandoning module DetailCustomizations (454)
[2019.10.23-12.05.41:794][632]LogModuleManager: Shutting down and abandoning module PackagesDialog (452)
[2019.10.23-12.05.41:794][632]LogModuleManager: Shutting down and abandoning module Persona (450)
[2019.10.23-12.05.41:794][632]LogModuleManager: Shutting down and abandoning module AdvancedPreviewScene (449)
[2019.10.23-12.05.41:794][632]LogModuleManager: Shutting down and abandoning module AnimGraph (447)
[2019.10.23-12.05.41:794][632]LogModuleManager: Shutting down and abandoning module Kismet (444)
[2019.10.23-12.05.41:796][632]LogModuleManager: Shutting down and abandoning module GraphEditor (442)
[2019.10.23-12.05.41:796][632]LogModuleManager: Shutting down and abandoning module ClassViewer (440)
[2019.10.23-12.05.41:796][632]LogModuleManager: Shutting down and abandoning module Toolbox (438)
[2019.10.23-12.05.41:796][632]LogModuleManager: Shutting down and abandoning module ModuleUI (436)
[2019.10.23-12.05.41:796][632]LogModuleManager: Shutting down and abandoning module MovieSceneTools (434)
[2019.10.23-12.05.41:796][632]LogModuleManager: Shutting down and abandoning module OutputLog (432)
[2019.10.23-12.05.41:796][632]LogModuleManager: Shutting down and abandoning module GammaUI (430)
[2019.10.23-12.05.41:797][632]LogModuleManager: Shutting down and abandoning module Documentation (428)
[2019.10.23-12.05.41:797][632]LogModuleManager: Shutting down and abandoning module MovieSceneTracks (426)
[2019.10.23-12.05.41:797][632]LogModuleManager: Shutting down and abandoning module MovieScene (424)
[2019.10.23-12.05.41:797][632]LogModuleManager: Shutting down and abandoning module StreamingPauseRendering (422)
[2019.10.23-12.05.41:797][632]LogModuleManager: Shutting down and abandoning module LauncherPlatform (420)
[2019.10.23-12.05.41:797][632]LogModuleManager: Shutting down and abandoning module AnalyticsET (418)
[2019.10.23-12.05.41:797][632]LogModuleManager: Shutting down and abandoning module PortalServices (416)
[2019.10.23-12.05.41:797][632]LogModuleManager: Shutting down and abandoning module PortalRpc (414)
[2019.10.23-12.05.41:797][632]LogModuleManager: Shutting down and abandoning module MessagingRpc (412)
[2019.10.23-12.05.41:797][632]LogModuleManager: Shutting down and abandoning module AIModule (410)
[2019.10.23-12.05.41:797][632]LogModuleManager: Shutting down and abandoning module GameplayDebugger (409)
[2019.10.23-12.05.41:797][632]LogModuleManager: Shutting down and abandoning module AITestSuite (407)
[2019.10.23-12.05.41:797][632]LogModuleManager: Shutting down and abandoning module NavigationSystem (405)
[2019.10.23-12.05.41:797][632]LogModuleManager: Shutting down and abandoning module DesktopPlatform (402)
[2019.10.23-12.05.41:797][632]LogModuleManager: Shutting down and abandoning module ProfilerService (400)
[2019.10.23-12.05.41:962][632]LogModuleManager: Shutting down and abandoning module TaskGraph (398)
[2019.10.23-12.05.41:962][632]LogModuleManager: Shutting down and abandoning module SteamVRController (396)
[2019.10.23-12.05.41:962][632]LogModuleManager: Shutting down and abandoning module ProceduralMeshComponentEditor (394)
[2019.10.23-12.05.41:962][632]LogModuleManager: Shutting down and abandoning module ProceduralMeshComponent (392)
[2019.10.23-12.05.41:974][632]LogModuleManager: Shutting down and abandoning module OculusInput (390)
[2019.10.23-12.05.41:974][632]LogModuleManager: Shutting down and abandoning module MobilePatchingUtils (388)
[2019.10.23-12.05.41:974][632]LogModuleManager: Shutting down and abandoning module EditableMesh (386)
[2019.10.23-12.05.41:983][632]LogModuleManager: Shutting down and abandoning module CustomMeshComponent (384)
[2019.10.23-12.05.41:983][632]LogModuleManager: Shutting down and abandoning module CableComponent (382)
[2019.10.23-12.05.41:983][632]LogModuleManager: Shutting down and abandoning module AudioCapture (380)
[2019.10.23-12.05.41:983][632]LogModuleManager: Shutting down and abandoning module ArchVisCharacter (378)
[2019.10.23-12.05.41:983][632]LogModuleManager: Shutting down and abandoning module AndroidPermission (376)
[2019.10.23-12.05.41:983][632]LogModuleManager: Shutting down and abandoning module NUTUnrealEngine4 (374)
[2019.10.23-12.05.41:983][632]LogModuleManager: Shutting down and abandoning module NetcodeUnitTest (372)
[2019.10.23-12.05.41:998][632]LogModuleManager: Shutting down and abandoning module MediaCompositingEditor (370)
[2019.10.23-12.05.41:998][632]LogModuleManager: Shutting down and abandoning module MediaCompositing (368)
[2019.10.23-12.05.41:998][632]LogModuleManager: Shutting down and abandoning module LinearTimecode (366)
[2019.10.23-12.05.41:998][632]LogModuleManager: Shutting down and abandoning module ImgMedia (364)
[2019.10.23-12.05.42:016][632]LogModuleManager: Shutting down and abandoning module HTML5Networking (362)
[2019.10.23-12.05.42:016][632]LogModuleManager: Shutting down and abandoning module GeometryCacheTracks (360)
[2019.10.23-12.05.42:016][632]LogModuleManager: Shutting down and abandoning module GeometryCacheSequencer (358)
[2019.10.23-12.05.42:016][632]LogModuleManager: Shutting down and abandoning module BackChannel (356)
[2019.10.23-12.05.42:025][632]LogModuleManager: Shutting down and abandoning module AppleVision (354)
[2019.10.23-12.05.42:025][632]LogModuleManager: Shutting down and abandoning module AppleImageUtils (352)
[2019.10.23-12.05.42:025][632]LogModuleManager: Shutting down and abandoning module AlembicImporter (350)
[2019.10.23-12.05.42:025][632]LogModuleManager: Shutting down and abandoning module AlembicLibrary (349)
[2019.10.23-12.05.42:025][632]LogModuleManager: Shutting down and abandoning module GeometryCache (348)
[2019.10.23-12.05.42:025][632]LogModuleManager: Shutting down and abandoning module GeometryCacheEd (347)
[2019.10.23-12.05.42:025][632]LogModuleManager: Shutting down and abandoning module DatasmithContentEditor (342)
[2019.10.23-12.05.42:025][632]LogModuleManager: Shutting down and abandoning module DatasmithContent (340)
[2019.10.23-12.05.42:026][632]LogModuleManager: Shutting down and abandoning module SpeedTreeImporter (338)
[2019.10.23-12.05.42:026][632]LogModuleManager: Shutting down and abandoning module PluginBrowser (336)
[2019.10.23-12.05.42:037][632]LogModuleManager: Shutting down and abandoning module MobileLauncherProfileWizard (334)
[2019.10.23-12.05.42:045][632]LogModuleManager: Shutting down and abandoning module PolygonModeling (332)
[2019.10.23-12.05.42:046][632]LogModuleManager: Shutting down and abandoning module MeshEditor (330)
[2019.10.23-12.05.42:052][632]LogModuleManager: Shutting down and abandoning module CryptoKeysOpenSSL (328)
[2019.10.23-12.05.42:052][632]LogModuleManager: Shutting down and abandoning module CryptoKeys (326)
[2019.10.23-12.05.42:052][632]LogModuleManager: Shutting down and abandoning module VisualStudioSourceCodeAccess (324)
[2019.10.23-12.05.42:052][632]LogModuleManager: Shutting down and abandoning module VisualStudioCodeSourceCodeAccess (322)
[2019.10.23-12.05.42:052][632]LogModuleManager: Shutting down and abandoning module UObjectPlugin (320)
[2019.10.23-12.05.42:052][632]LogModuleManager: Shutting down and abandoning module SubversionSourceControl (318)
[2019.10.23-12.05.42:056][632]LogModuleManager: Shutting down and abandoning module PerforceSourceControl (316)
[2019.10.23-12.05.42:068][632]LogModuleManager: Shutting down and abandoning module GitSourceControl (314)
[2019.10.23-12.05.42:079][632]LogModuleManager: Shutting down and abandoning module SourceControl (313)
[2019.10.23-12.05.42:079][632]LogModuleManager: Shutting down and abandoning module CLionSourceCodeAccess (310)
[2019.10.23-12.05.42:080][632]LogModuleManager: Shutting down and abandoning module LightPropagationVolumeEditor (308)
[2019.10.23-12.05.42:080][632]LogModuleManager: Shutting down and abandoning module PaperTiledImporter (306)
[2019.10.23-12.05.42:080][632]LogModuleManager: Shutting down and abandoning module PaperSpriteSheetImporter (304)
[2019.10.23-12.05.42:080][632]LogModuleManager: Shutting down and abandoning module Paper2DEditor (302)
[2019.10.23-12.05.42:084][632]LogModuleManager: Shutting down and abandoning module MeshPaint (301)
[2019.10.23-12.05.42:084][632]LogModuleManager: Shutting down and abandoning module RuntimePhysXCooking (298)
[2019.10.23-12.05.42:084][632]LogModuleManager: Shutting down and abandoning module PhysXVehiclesEditor (296)
[2019.10.23-12.05.42:084][632]LogModuleManager: Shutting down and abandoning module PhysXVehicles (294)
[2019.10.23-12.05.42:085][632]LogModuleManager: Shutting down and abandoning module OculusEditor (292)
[2019.10.23-12.05.42:094][632]LogModuleManager: Shutting down and abandoning module LocationServicesBPLibrary (290)
[2019.10.23-12.05.42:094][632]LogModuleManager: Shutting down and abandoning module ImmediatePhysicsEditor (288)
[2019.10.23-12.05.42:095][632]LogModuleManager: Shutting down and abandoning module ImmediatePhysics (286)
[2019.10.23-12.05.42:114][632]LogModuleManager: Shutting down and abandoning module ActorSequence (284)
[2019.10.23-12.05.42:114][632]LogModuleManager: Shutting down and abandoning module UdpMessaging (282)
[2019.10.23-12.05.42:215][632]LogModuleManager: Shutting down and abandoning module TcpMessaging (280)
[2019.10.23-12.05.42:323][632]LogModuleManager: Shutting down and abandoning module MagicLeapAudio (278)
[2019.10.23-12.05.42:323][632]LogModuleManager: Shutting down and abandoning module GameplayTagsEditor (276)
[2019.10.23-12.05.42:331][632]LogModuleManager: Shutting down and abandoning module FacialAnimationEditor (274)
[2019.10.23-12.05.42:331][632]LogModuleManager: Shutting down and abandoning module FacialAnimation (272)
[2019.10.23-12.05.42:331][632]LogModuleManager: Shutting down and abandoning module DataValidation (270)
[2019.10.23-12.05.42:331][632]LogModuleManager: Shutting down and abandoning module AssetManagerEditor (268)
[2019.10.23-12.05.42:346][632]LogModuleManager: Shutting down and abandoning module LevelEditor (267)
[2019.10.23-12.05.42:348][632]LogModuleManager: Shutting down and abandoning module PixelInspectorModule (266)
[2019.10.23-12.05.42:348][632]LogModuleManager: Shutting down and abandoning module CommonMenuExtensions (264)
[2019.10.23-12.05.42:348][632]LogModuleManager: Shutting down and abandoning module MainFrame (262)
[2019.10.23-12.05.42:348][632]LogModuleManager: Shutting down and abandoning module HotReload (261)
[2019.10.23-12.05.42:349][632]LogModuleManager: Shutting down and abandoning module ContentBrowser (257)
[2019.10.23-12.05.42:352][632]LogModuleManager: Shutting down and abandoning module TreeMap (255)
[2019.10.23-12.05.42:352][632]LogModuleManager: Shutting down and abandoning module LightPropagationVolumeRuntime (252)
[2019.10.23-12.05.42:352][632]LogModuleManager: Shutting down and abandoning module AISupportModule (250)
[2019.10.23-12.05.42:352][632]LogModuleManager: Shutting down and abandoning module Paper2D (248)
[2019.10.23-12.05.42:352][632]LogModuleManager: Shutting down and abandoning module WindowsMoviePlayer (246)
[2019.10.23-12.05.42:353][632]LogModuleManager: Shutting down and abandoning module WmfMedia (244)
[2019.10.23-12.05.42:370][632]LogModuleManager: Shutting down and abandoning module Media (243)
[2019.10.23-12.05.42:377][632]LogModuleManager: Shutting down and abandoning module PacketHandler (240)
[2019.10.23-12.05.42:377][632]LogModuleManager: Shutting down and abandoning module ClothingSystemEditor (238)
[2019.10.23-12.05.42:377][632]LogModuleManager: Shutting down and abandoning module ClothingSystemRuntime (236)
[2019.10.23-12.05.42:390][632]LogModuleManager: Shutting down and abandoning module MediaAssets (234)
[2019.10.23-12.05.42:390][632]LogModuleManager: Shutting down and abandoning module Overlay (232)
[2019.10.23-12.05.42:390][632]LogModuleManager: Shutting down and abandoning module OverlayEditor (231)
[2019.10.23-12.05.42:390][632]LogModuleManager: Shutting down and abandoning module VREditor (228)
[2019.10.23-12.05.42:390][632]LogModuleManager: Shutting down and abandoning module StringTableEditor (226)
[2019.10.23-12.05.42:402][632]LogModuleManager: Shutting down and abandoning module GameplayTasksEditor (224)
[2019.10.23-12.05.42:402][632]LogModuleManager: Shutting down and abandoning module BehaviorTreeEditor (222)
[2019.10.23-12.05.42:422][632]LogModuleManager: Shutting down and abandoning module FunctionalTesting (220)
[2019.10.23-12.05.42:423][632]LogModuleManager: Shutting down and abandoning module CollisionAnalyzer (218)
[2019.10.23-12.05.42:423][632]LogModuleManager: Shutting down and abandoning module WorkspaceMenuStructure (217)
[2019.10.23-12.05.42:423][632]LogModuleManager: Shutting down and abandoning module UMG (214)
[2019.10.23-12.05.42:423][632]LogModuleManager: Shutting down and abandoning module UMGEditor (213)
[2019.10.23-12.05.42:423][632]LogModuleManager: Shutting down and abandoning module Sequencer (212)
[2019.10.23-12.05.42:423][632]LogModuleManager: Shutting down and abandoning module MessageLog (209)
[2019.10.23-12.05.42:424][632]LogModuleManager: Shutting down and abandoning module SlateReflector (204)
[2019.10.23-12.05.42:443][632]LogModuleManager: Shutting down and abandoning module Slate (202)
[2019.10.23-12.05.42:443][632]LogModuleManager: Shutting down and abandoning module EditorStyle (200)
[2019.10.23-12.05.42:447][632]LogModuleManager: Shutting down and abandoning module MRMesh (198)
[2019.10.23-12.05.42:447][632]LogModuleManager: Shutting down and abandoning module SourceCodeAccess (196)
[2019.10.23-12.05.42:448][632]LogModuleManager: Shutting down and abandoning module HeadMountedDisplay (194)
[2019.10.23-12.05.42:448][632]LogModuleManager: Shutting down and abandoning module XAudio2 (192)
[2019.10.23-12.05.42:448][632]LogModuleManager: Shutting down and abandoning module Networking (190)
[2019.10.23-12.05.42:448][632]LogModuleManager: Shutting down and abandoning module Core (188)
[2019.10.23-12.05.42:448][632]LogModuleManager: Shutting down and abandoning module LevelSequence (186)
[2019.10.23-12.05.42:448][632]LogModuleManager: Shutting down and abandoning module KismetCompiler (184)
[2019.10.23-12.05.42:448][632]LogModuleManager: Shutting down and abandoning module MeshUtilities (182)
[2019.10.23-12.05.42:448][632]LogModuleManager: Shutting down and abandoning module MeshMergeUtilities (181)
[2019.10.23-12.05.42:456][632]LogModuleManager: Shutting down and abandoning module MeshReductionInterface (180)
[2019.10.23-12.05.42:456][632]LogModuleManager: Shutting down and abandoning module SimplygonSwarm (179)
[2019.10.23-12.05.42:456][632]LogModuleManager: Shutting down and abandoning module ProxyLODMeshReduction (177)
[2019.10.23-12.05.42:471][632]LogModuleManager: Shutting down and abandoning module SimplygonMeshReduction (175)
[2019.10.23-12.05.42:472][632]LogModuleManager: Shutting down and abandoning module QuadricMeshReduction (173)
[2019.10.23-12.05.42:494][632]LogModuleManager: Shutting down and abandoning module MaterialBaking (169)
[2019.10.23-12.05.42:494][632]LogModuleManager: Shutting down and abandoning module DirectoryWatcher (165)
[2019.10.23-12.05.42:495][632]LogModuleManager: Shutting down and abandoning module DerivedDataCache (162)
[2019.10.23-12.05.42:505][632]LogDerivedDataCache: Shutdown
[2019.10.23-12.05.42:505][632]LogModuleManager: Shutting down and abandoning module XGEController (160)
[2019.10.23-12.05.42:505][632]LogXGEController: Cleaning working directory: C:/Users/loedu/AppData/Local/Temp/UnrealXGEWorkingDir/
[2019.10.23-12.05.42:506][632]LogModuleManager: Shutting down and abandoning module TargetPlatform (158)
[2019.10.23-12.05.42:506][632]LogModuleManager: Shutting down and abandoning module VulkanShaderFormat (157)
[2019.10.23-12.05.42:506][632]LogModuleManager: Shutting down and abandoning module ShaderFormatVectorVM (155)
[2019.10.23-12.05.42:506][632]LogModuleManager: Shutting down and abandoning module ShaderFormatOpenGL (153)
[2019.10.23-12.05.42:514][632]LogModuleManager: Shutting down and abandoning module ShaderFormatD3D (151)
[2019.10.23-12.05.42:514][632]LogModuleManager: Shutting down and abandoning module MetalShaderFormat (149)
[2019.10.23-12.05.42:525][632]LogModuleManager: Shutting down and abandoning module TextureFormatUncompressed (147)
[2019.10.23-12.05.42:525][632]LogModuleManager: Shutting down and abandoning module TextureFormatPVR (145)
[2019.10.23-12.05.42:525][632]LogModuleManager: Shutting down and abandoning module TextureFormatDXT (143)
[2019.10.23-12.05.42:525][632]LogModuleManager: Shutting down and abandoning module TextureFormatIntelISPCTexComp (141)
[2019.10.23-12.05.42:525][632]LogModuleManager: Shutting down and abandoning module TextureFormatASTC (139)
[2019.10.23-12.05.42:525][632]LogModuleManager: Shutting down and abandoning module ImageWrapper (138)
[2019.10.23-12.05.42:525][632]LogModuleManager: Shutting down and abandoning module TextureFormatAndroid (135)
[2019.10.23-12.05.42:525][632]LogModuleManager: Shutting down and abandoning module AudioFormatOpus (133)
[2019.10.23-12.05.42:525][632]LogModuleManager: Shutting down and abandoning module AudioFormatOgg (131)
[2019.10.23-12.05.42:525][632]LogModuleManager: Shutting down and abandoning module AudioFormatADPCM (129)
[2019.10.23-12.05.42:526][632]LogModuleManager: Shutting down and abandoning module LuminTargetPlatform (127)
[2019.10.23-12.05.42:526][632]LogModuleManager: Shutting down and abandoning module LinuxTargetPlatform (125)
[2019.10.23-12.05.42:526][632]LogModuleManager: Shutting down and abandoning module LinuxServerTargetPlatform (123)
[2019.10.23-12.05.42:526][632]LogModuleManager: Shutting down and abandoning module LinuxNoEditorTargetPlatform (121)
[2019.10.23-12.05.42:526][632]LogModuleManager: Shutting down and abandoning module LinuxClientTargetPlatform (119)
[2019.10.23-12.05.42:526][632]LogModuleManager: Shutting down and abandoning module TVOSTargetPlatform (117)
[2019.10.23-12.05.42:535][632]LogModuleManager: Shutting down and abandoning module Messaging (115)
[2019.10.23-12.05.42:535][632]LogModuleManager: Shutting down and abandoning module IOSTargetPlatform (113)
[2019.10.23-12.05.42:541][632]LogModuleManager: Shutting down and abandoning module HTML5TargetPlatform (111)
[2019.10.23-12.05.42:541][632]LogModuleManager: Shutting down and abandoning module AndroidTargetPlatform (109)
[2019.10.23-12.05.42:588][632]LogModuleManager: Shutting down and abandoning module WindowsTargetPlatform (107)
[2019.10.23-12.05.42:588][632]LogModuleManager: Shutting down and abandoning module WindowsServerTargetPlatform (105)
[2019.10.23-12.05.42:588][632]LogModuleManager: Shutting down and abandoning module WindowsNoEditorTargetPlatform (103)
[2019.10.23-12.05.42:588][632]LogModuleManager: Shutting down and abandoning module WindowsClientTargetPlatform (101)
[2019.10.23-12.05.42:588][632]LogModuleManager: Shutting down and abandoning module MacTargetPlatform (99)
[2019.10.23-12.05.42:588][632]LogModuleManager: Shutting down and abandoning module MacServerTargetPlatform (97)
[2019.10.23-12.05.42:588][632]LogModuleManager: Shutting down and abandoning module MacNoEditorTargetPlatform (95)
[2019.10.23-12.05.42:589][632]LogModuleManager: Shutting down and abandoning module MacClientTargetPlatform (93)
[2019.10.23-12.05.42:589][632]LogModuleManager: Shutting down and abandoning module AllDesktopTargetPlatform (91)
[2019.10.23-12.05.42:589][632]LogModuleManager: Shutting down and abandoning module InputCore (88)
[2019.10.23-12.05.42:589][632]LogModuleManager: Shutting down and abandoning module Settings (86)
[2019.10.23-12.05.42:589][632]LogModuleManager: Shutting down and abandoning module PhysXCooking (84)
[2019.10.23-12.05.42:589][632]LogModuleManager: Shutting down and abandoning module SteamVR (82)
[2019.10.23-12.05.42:589][632]LogModuleManager: Shutting down and abandoning module OculusHMD (80)
[2019.10.23-12.05.42:589][632]LogModuleManager: Shutting down and abandoning module ExampleDeviceProfileSelector (78)
[2019.10.23-12.05.42:589][632]LogModuleManager: Shutting down and abandoning module LauncherChunkInstaller (76)
[2019.10.23-12.05.42:589][632]LogModuleManager: Shutting down and abandoning module OnlineBlueprintSupport (74)
[2019.10.23-12.05.42:589][632]LogModuleManager: Shutting down and abandoning module OnlineSubsystem (70)
[2019.10.23-12.05.42:591][632]LogModuleManager: Shutting down and abandoning module XMPP (65)
[2019.10.23-12.05.42:591][632]LogModuleManager: Shutting down and abandoning module WebSockets (64)
[2019.10.23-12.05.42:595][632]LogModuleManager: Shutting down and abandoning module HTTP (61)
[2019.10.23-12.05.42:595][632]LogHttp: Display: Http module shutting down, but needs to wait on 1 outstanding Http requests:
[2019.10.23-12.05.42:595][632]LogHttp: Display: 	verb=[POST] url=[https://datarouter.ol.epicgames.com/datarouter/api/v1/public/data?SessionID=%7B786B72CF-407E-1B60-AC26-0AA688F88239%7D&AppID=UEEditor.Rocket.Release&AppVersion=4.20.2-4302132%2B%2B%2BUE4%2BRelease-4.20&UserID=9b0a52c14a5c7a9620735097bff624ad%7C5c5ab3be1d1d4eee8e0eec12c688a783%7C0f3abe9a-5cc9-4b26-971d-38f182d2bb9b&AppEnvironment=datacollector-binary&UploadType=eteventstream] status=Processing
[2019.10.23-12.05.42:628][632]LogModuleManager: Shutting down and abandoning module SSL (60)
[2019.10.23-12.05.42:630][632]LogModuleManager: Shutting down and abandoning module MagicLeapEmulator (56)
[2019.10.23-12.05.42:630][632]LogModuleManager: Shutting down and abandoning module MagicLeapPrivileges (54)
[2019.10.23-12.05.42:630][632]LogModuleManager: Shutting down and abandoning module MagicLeapIdentity (52)
[2019.10.23-12.05.42:630][632]LogModuleManager: Shutting down and abandoning module MagicLeapHelperVulkan (50)
[2019.10.23-12.05.42:630][632]LogModuleManager: Shutting down and abandoning module MagicLeapHelperOpenGL (48)
[2019.10.23-12.05.42:630][632]LogModuleManager: Shutting down and abandoning module MagicLeapSecureStorage (46)
[2019.10.23-12.05.42:630][632]LogModuleManager: Shutting down and abandoning module MagicLeapGestures (44)
[2019.10.23-12.05.42:631][632]LogModuleManager: Shutting down and abandoning module MagicLeapEyeTracker (42)
[2019.10.23-12.05.42:631][632]LogModuleManager: Shutting down and abandoning module MagicLeapController (40)
[2019.10.23-12.05.42:631][632]LogSlate: Slate User Destroyed.  User Index 0, Is Virtual User: 0
[2019.10.23-12.05.42:631][632]LogModuleManager: Shutting down and abandoning module MagicLeap (38)
[2019.10.23-12.05.42:631][632]LogModuleManager: Shutting down and abandoning module AnimationModifiers (36)
[2019.10.23-12.05.42:637][632]LogModuleManager: Shutting down and abandoning module PropertyEditor (35)
[2019.10.23-12.05.42:637][632]LogModuleManager: Shutting down and abandoning module AudioEditor (32)
[2019.10.23-12.05.42:637][632]LogModuleManager: Shutting down and abandoning module TextureCompressor (30)
[2019.10.23-12.05.42:638][632]LogModuleManager: Shutting down and abandoning module ShaderCore (28)
[2019.10.23-12.05.42:638][632]LogModuleManager: Shutting down and abandoning module Landscape (26)
[2019.10.23-12.05.42:638][632]LogModuleManager: Shutting down and abandoning module SlateRHIRenderer (24)
[2019.10.23-12.05.42:638][632]LogModuleManager: Shutting down and abandoning module OpenGLDrv (22)
[2019.10.23-12.05.42:639][632]LogModuleManager: Shutting down and abandoning module D3D11RHI (20)
[2019.10.23-12.05.42:639][632]LogModuleManager: Shutting down and abandoning module AnimGraphRuntime (18)
[2019.10.23-12.05.42:639][632]LogModuleManager: Shutting down and abandoning module Renderer (16)
[2019.10.23-12.05.42:639][632]LogModuleManager: Shutting down and abandoning module Engine (14)
[2019.10.23-12.05.42:639][632]LogModuleManager: Shutting down and abandoning module CoreUObject (12)
[2019.10.23-12.05.42:639][632]LogModuleManager: Shutting down and abandoning module NetworkFile (10)
[2019.10.23-12.05.42:639][632]LogModuleManager: Shutting down and abandoning module CookedIterativeFile (8)
[2019.10.23-12.05.42:639][632]LogModuleManager: Shutting down and abandoning module StreamingFile (6)
[2019.10.23-12.05.42:639][632]LogModuleManager: Shutting down and abandoning module SandboxFile (4)
[2019.10.23-12.05.42:639][632]LogModuleManager: Shutting down and abandoning module PakFile (2)
[2019.10.23-12.05.42:651][632]LogExit: Exiting.
[2019.10.23-12.05.42:713][632]Log file closed, 10/23/19 14:05:42
