Log file open, 10/12/19 15:11:18
LogWindows: Failed to load 'aqProf.dll' (GetLastError=126)
LogWindows: File 'aqProf.dll' does not exist
LogWindows: Failed to load 'VSPerf140.dll' (GetLastError=126)
LogWindows: File 'VSPerf140.dll' does not exist
LogWindows: Failed to load 'VtuneApi.dll' (GetLastError=126)
LogWindows: File 'VtuneApi.dll' does not exist
LogWindows: Failed to load 'VtuneApi32e.dll' (GetLastError=126)
LogWindows: File 'VtuneApi32e.dll' does not exist
LogInit: Display: Running engine for game: Jeu_Foxing288
LogPlatformFile: Not using cached read wrapper
LogTaskGraph: Started task graph with 5 named threads and 23 total threads with 3 sets of task threads.
LogStats: Stats thread started at 0.609725
LogD3D11RHI: Loaded GFSDK_Aftermath_Lib.x64.dll
LogICUInternationalization: Display: ICU TimeZone Detection - Raw Offset: +1:00, Platform Override: ''
LogPluginManager: Mounting plugin Paper2D
LogPluginManager: Mounting plugin AISupport
LogPluginManager: Mounting plugin LightPropagationVolume
LogPluginManager: Mounting plugin CLionSourceCodeAccess
LogPluginManager: Mounting plugin CodeLiteSourceCodeAccess
LogPluginManager: Mounting plugin GitSourceControl
LogPluginManager: Mounting plugin KDevelopSourceCodeAccess
LogPluginManager: Mounting plugin NullSourceCodeAccess
LogPluginManager: Mounting plugin PerforceSourceControl
LogPluginManager: Mounting plugin SubversionSourceControl
LogPluginManager: Mounting plugin UObjectPlugin
LogPluginManager: Mounting plugin VisualStudioCodeSourceCodeAccess
LogPluginManager: Mounting plugin VisualStudioSourceCodeAccess
LogPluginManager: Mounting plugin XCodeSourceCodeAccess
LogPluginManager: Mounting plugin AssetManagerEditor
LogPluginManager: Mounting plugin CryptoKeys
LogPluginManager: Mounting plugin DataValidation
LogPluginManager: Mounting plugin FacialAnimation
LogPluginManager: Mounting plugin GameplayTagsEditor
LogPluginManager: Mounting plugin MacGraphicsSwitching
LogPluginManager: Mounting plugin MeshEditor
LogPluginManager: Mounting plugin MobileLauncherProfileWizard
LogPluginManager: Mounting plugin PluginBrowser
LogPluginManager: Mounting plugin SpeedTreeImporter
LogPluginManager: Mounting plugin DatasmithContent
LogPluginManager: Mounting plugin AlembicImporter
LogPluginManager: Mounting plugin AppleImageUtils
LogPluginManager: Mounting plugin AppleVision
LogPluginManager: Mounting plugin BackChannel
LogPluginManager: Mounting plugin CharacterAI
LogPluginManager: Mounting plugin GeometryCache
LogPluginManager: Mounting plugin HTML5Networking
LogPluginManager: Mounting plugin ProxyLODPlugin
LogPluginManager: Mounting plugin MagicLeap
LogPluginManager: Mounting plugin MagicLeapEmulator
LogPluginManager: Mounting plugin MagicLeapMedia
LogPluginManager: Mounting plugin AndroidMedia
LogPluginManager: Mounting plugin AvfMedia
LogPluginManager: Mounting plugin ImgMedia
LogPluginManager: Mounting plugin LinearTimecode
LogPluginManager: Mounting plugin MediaCompositing
LogPluginManager: Mounting plugin MediaPlayerEditor
LogPluginManager: Mounting plugin WmfMedia
LogPluginManager: Mounting plugin TcpMessaging
LogPluginManager: Mounting plugin UdpMessaging
LogPluginManager: Mounting plugin ActorSequence
LogPluginManager: Mounting plugin LevelSequenceEditor
LogPluginManager: Mounting plugin MatineeToLevelSequence
LogPluginManager: Mounting plugin NetcodeUnitTest
LogPluginManager: Mounting plugin NUTUnrealEngine4
LogPluginManager: Mounting plugin OnlineSubsystemGooglePlay
LogPluginManager: Mounting plugin OnlineSubsystemIOS
LogPluginManager: Mounting plugin OnlineSubsystem
LogPluginManager: Mounting plugin OnlineSubsystemNull
LogPluginManager: Mounting plugin OnlineSubsystemUtils
LogPluginManager: Mounting plugin LauncherChunkInstaller
LogPluginManager: Mounting plugin AndroidDeviceProfileSelector
LogPluginManager: Mounting plugin AndroidMoviePlayer
LogPluginManager: Mounting plugin AndroidPermission
LogPluginManager: Mounting plugin AppleMoviePlayer
LogPluginManager: Mounting plugin ArchVisCharacter
LogPluginManager: Mounting plugin AudioCapture
LogPluginManager: Mounting plugin CableComponent
LogPluginManager: Mounting plugin CustomMeshComponent
LogPluginManager: Mounting plugin EditableMesh
LogPluginManager: Mounting plugin ExampleDeviceProfileSelector
LogPluginManager: Mounting plugin GoogleCloudMessaging
LogPluginManager: Mounting plugin ImmediatePhysics
LogPluginManager: Mounting plugin IOSDeviceProfileSelector
LogPluginManager: Mounting plugin LinuxDeviceProfileSelector
LogPluginManager: Mounting plugin LocationServicesBPLibrary
LogPluginManager: Mounting plugin MobilePatchingUtils
LogPluginManager: Mounting plugin OculusVR
LogPluginManager: Plugin shader directory ../../../Engine/Plugins/Runtime/Oculus/OculusVR/Shaders found
LogPluginManager: Mapping shader source directory ../../../Engine/Plugins/Runtime/Oculus/OculusVR/Shaders to virtual directory /Plugin/OculusVR
LogPluginManager: Mounting plugin PhysXVehicles
LogPluginManager: Mounting plugin ProceduralMeshComponent
LogPluginManager: Mounting plugin RuntimePhysXCooking
LogPluginManager: Mounting plugin SteamVR
LogPluginManager: Mounting plugin WindowsMoviePlayer
LogStreaming: Display: Took  0.282s to configure plugins.
LogInit: Using libcurl 7.55.1-DEV
LogInit:  - built for x86_64-pc-win32
LogInit:  - supports SSL with OpenSSL/1.0.2h
LogInit:  - supports HTTP deflate (compression) using libz 1.2.8
LogInit:  - other features:
LogInit:      CURL_VERSION_SSL
LogInit:      CURL_VERSION_LIBZ
LogInit:      CURL_VERSION_IPV6
LogInit:      CURL_VERSION_ASYNCHDNS
LogInit:      CURL_VERSION_LARGEFILE
LogInit:      CURL_VERSION_IDN
LogInit:  CurlRequestOptions (configurable via config and command line):
LogInit:  - bVerifyPeer = false  - Libcurl will NOT verify peer certificate
LogInit:  - bUseHttpProxy = false  - Libcurl will NOT use HTTP proxy
LogInit:  - bDontReuseConnections = false  - Libcurl will reuse connections
LogInit:  - CertBundlePath = nullptr  - Libcurl will use whatever was configured at build time.
LogInit:  - MaxHostConnections = 16  - Libcurl will limit the number of connections to a host
LogInit:  - LocalHostAddr = Default
LogInit:  - BufferSize = 65536
LogInit: WinSock: version 1.1 (2.2), MaxSocks=32767, MaxUdp=65467
LogInit: Build: ++UE4+Release-4.20-CL-4302132
LogInit: Engine Version: 4.20.2-4302132+++UE4+Release-4.20
LogInit: Compatible Engine Version: 4.20.0-4212847+++UE4+Release-4.20
LogInit: Net CL: 4212847
LogInit: OS: Windows 10 (), CPU: AMD FX(tm)-8350 Eight-Core Processor           , GPU: Radeon RX 580 Series
LogInit: Compiled (64-bit): Aug 21 2018 02:06:06
LogInit: Compiled with Visual C++: 19.13.26129.00
LogInit: Build Configuration: Development
LogInit: Branch Name: ++UE4+Release-4.20
LogInit: Command Line: 
LogInit: Base Directory: C:/Users/loedu/OneDrive/Documents/Fichiers à garder avant réinitialisation/Epic Games/UE_4.20/Engine/Binaries/Win64/
LogInit: Installed Engine Build: 1
LogDevObjectVersion: Number of dev versions registered: 20
LogDevObjectVersion:   Dev-Blueprints (B0D832E4-1F89-4F0D-ACCF-7EB736FD4AA2): 10
LogDevObjectVersion:   Dev-Build (E1C64328-A22C-4D53-A36C-8E866417BD8C): 0
LogDevObjectVersion:   Dev-Core (375EC13C-06E4-48FB-B500-84F0262A717E): 2
LogDevObjectVersion:   Dev-Editor (E4B068ED-F494-42E9-A231-DA0B2E46BB41): 24
LogDevObjectVersion:   Dev-Framework (CFFC743F-43B0-4480-9391-14DF171D2073): 34
LogDevObjectVersion:   Dev-Mobile (B02B49B5-BB20-44E9-A304-32B752E40360): 2
LogDevObjectVersion:   Dev-Networking (A4E4105C-59A1-49B5-A7C5-40C4547EDFEE): 0
LogDevObjectVersion:   Dev-Online (39C831C9-5AE6-47DC-9A44-9C173E1C8E7C): 0
LogDevObjectVersion:   Dev-Physics (78F01B33-EBEA-4F98-B9B4-84EACCB95AA2): 0
LogDevObjectVersion:   Dev-Platform (6631380F-2D4D-43E0-8009-CF276956A95A): 0
LogDevObjectVersion:   Dev-Rendering (12F88B9F-8875-4AFC-A67C-D90C383ABD29): 26
LogDevObjectVersion:   Dev-Sequencer (7B5AE74C-D270-4C10-A958-57980B212A5A): 9
LogDevObjectVersion:   Dev-VR (D7296918-1DD6-4BDD-9DE2-64A83CC13884): 2
LogDevObjectVersion:   Dev-LoadTimes (C2A15278-BFE7-4AFE-6C17-90FF531DF755): 1
LogDevObjectVersion:   Private-Geometry (6EACA3D4-40EC-4CC1-B786-8BED09428FC5): 3
LogDevObjectVersion:   Dev-AnimPhys (29E575DD-E0A3-4627-9D10-D276232CDCEA): 17
LogDevObjectVersion:   Dev-ReflectionCapture (6B266CEC-1EC7-4B8F-A30B-E4D90942FC07): 1
LogDevObjectVersion:   Dev-Automation (0DF73D61-A23F-47EA-B727-89E90C41499A): 1
LogDevObjectVersion:   FortniteMain (601D1886-AC64-4F84-AA16-D3DE0DEAC7D6): 12
LogDevObjectVersion:   Dev-Enterprise (9DFFBCD6-494F-0158-E221-12823C92A888): 1
LogStreaming: Display: Took  0.001s to delete old logs.
LogInit: Presizing for max 8388607 objects, including 0 objects not considered by GC, pre-allocating 0 bytes for permanent pool.
LogInit: Object subsystem initialized
[2019.10.12-13.11.20:817][  0]LogInit: Selected Device Profile: [Windows]
[2019.10.12-13.11.20:817][  0]LogInit: Applying CVar settings loaded from the selected device profile: [Windows]
[2019.10.12-13.11.20:891][  0]LogHAL: Display: Platform has ~ 16 GB [17148510208 / 17179869184 / 16], which maps to Larger [LargestMinGB=32, LargerMinGB=12, DefaultMinGB=8, SmallerMinGB=6, SmallestMinGB=0)
[2019.10.12-13.11.20:891][  0]LogInit: Setting Device Profile CVar: [[r.Vulkan.UseRealUBs:1]]
[2019.10.12-13.11.20:891][  0]LogInit: Going up to parent DeviceProfile []
[2019.10.12-13.11.20:908][  0]LogInit: Computer: DESKTOP-B3FPI2E
[2019.10.12-13.11.20:908][  0]LogInit: User: loedu
[2019.10.12-13.11.20:908][  0]LogInit: CPU Page size=4096, Cores=4
[2019.10.12-13.11.20:908][  0]LogInit: High frequency timer resolution =3.906347 MHz
[2019.10.12-13.11.20:909][  0]LogMemory: Memory total: Physical=16.0GB (16GB approx)
[2019.10.12-13.11.20:909][  0]LogMemory: Platform Memory Stats for Windows
[2019.10.12-13.11.20:909][  0]LogMemory: Process Physical Memory: 100.10 MB used, 100.10 MB peak
[2019.10.12-13.11.20:909][  0]LogMemory: Process Virtual Memory: 91.08 MB used, 91.08 MB peak
[2019.10.12-13.11.20:909][  0]LogMemory: Physical Memory: 7897.14 MB used,  8456.96 MB free, 16354.09 MB total
[2019.10.12-13.11.20:909][  0]LogMemory: Virtual Memory: 4640.38 MB used,  8456.96 MB free, 134217728.00 MB total
[2019.10.12-13.11.21:536][  0]LogInit: Using OS detected language (fr-FR).
[2019.10.12-13.11.21:537][  0]LogInit: Using OS detected locale (fr-FR).
[2019.10.12-13.11.21:574][  0]LogTextLocalizationManager: No specific localization for 'fr-FR' exists, so the 'fr' localization will be used.
[2019.10.12-13.11.21:683][  0]LogStreaming: Display: Took  0.147s to InitEngineTextLocalization.
[2019.10.12-13.11.21:683][  0]LogInit: Setting process to per monitor DPI aware
[2019.10.12-13.11.21:969][  0]LogSlate: New Slate User Created.  User Index 0, Is Virtual User: 0
[2019.10.12-13.11.21:969][  0]LogSlate: Slate User Registered.  User Index 0, Is Virtual User: 0
[2019.10.12-13.11.25:755][  0]LogHMD: Failed to initialize OpenVR with code 110
[2019.10.12-13.11.25:755][  0]LogD3D11RHI: D3D11 adapters:
[2019.10.12-13.11.25:900][  0]LogD3D11RHI:    0. 'Radeon RX 580 Series' (Feature Level 11_0)
[2019.10.12-13.11.25:900][  0]LogD3D11RHI:       8172/0/8177 MB DedicatedVideo/DedicatedSystem/SharedSystem, Outputs:2, VendorId:0x1002
[2019.10.12-13.11.25:904][  0]LogD3D11RHI:    1. 'Microsoft Basic Render Driver' (Feature Level 11_0)
[2019.10.12-13.11.25:904][  0]LogD3D11RHI:       0/0/8177 MB DedicatedVideo/DedicatedSystem/SharedSystem, Outputs:0, VendorId:0x1414
[2019.10.12-13.11.25:904][  0]LogD3D11RHI: Chosen D3D11 Adapter: 0
[2019.10.12-13.11.25:920][  0]LogD3D11RHI: Creating new Direct3DDevice
[2019.10.12-13.11.25:920][  0]LogD3D11RHI:     GPU DeviceId: 0x67df (for the marketing name, search the web for "GPU Device Id")
[2019.10.12-13.11.25:920][  0]LogWindows: EnumDisplayDevices:
[2019.10.12-13.11.25:920][  0]LogWindows:    0. 'Radeon RX 580 Series' (P:1 D:1)
[2019.10.12-13.11.25:921][  0]LogWindows:    1. 'Radeon RX 580 Series' (P:0 D:1)
[2019.10.12-13.11.25:921][  0]LogWindows:    2. 'Radeon RX 580 Series' (P:0 D:0)
[2019.10.12-13.11.25:921][  0]LogWindows:    3. 'Radeon RX 580 Series' (P:0 D:0)
[2019.10.12-13.11.25:922][  0]LogWindows:    4. 'Radeon RX 580 Series' (P:0 D:0)
[2019.10.12-13.11.25:922][  0]LogWindows:    5. 'Radeon RX 580 Series' (P:0 D:0)
[2019.10.12-13.11.25:923][  0]LogWindows:    6. 'Radeon RX 580 Series' (P:0 D:0)
[2019.10.12-13.11.25:923][  0]LogWindows:    7. 'Radeon RX 580 Series' (P:0 D:0)
[2019.10.12-13.11.25:924][  0]LogWindows: DebugString: FoundDriverCount:8 
[2019.10.12-13.11.25:924][  0]LogD3D11RHI:     Adapter Name: Radeon RX 580 Series
[2019.10.12-13.11.25:924][  0]LogD3D11RHI:   Driver Version: Adrenalin 2019 19.8.1 (internal:26.20.13001.29010, unified:26.20.13001.29010)
[2019.10.12-13.11.25:924][  0]LogD3D11RHI:      Driver Date: 8-8-2019
[2019.10.12-13.11.25:924][  0]LogRHI: Texture pool is 5720 MB (70% of 8172 MB)
[2019.10.12-13.11.26:035][  0]LogD3D11RHI: Async texture creation enabled
[2019.10.12-13.11.26:049][  0]LogD3D11RHI: GPU Timing Frequency: 25.000000 (Debug: 2 1)
[2019.10.12-13.11.26:051][  0]LogShaderCompilers: Guid format shader working directory is -7 characters bigger than the processId version (../../../../../../GitHub/Jeu-Foxing288/Jeu_Foxing288/Intermediate/Shaders/WorkingDirectory/12912/).
[2019.10.12-13.11.26:051][  0]LogShaderCompilers: Cleaned the shader compiler working directory 'C:/Users/loedu/AppData/Local/Temp/UnrealShaderWorkingDir/507F959F4686B032DC465E93072FCA6A/'.
[2019.10.12-13.11.26:815][  0]LogTemp: Display: Loaded TP AllDesktopTargetPlatform
[2019.10.12-13.11.26:870][  0]LogTemp: Display: Loaded TP MacClientTargetPlatform
[2019.10.12-13.11.26:920][  0]LogTemp: Display: Loaded TP MacNoEditorTargetPlatform
[2019.10.12-13.11.26:974][  0]LogTemp: Display: Loaded TP MacServerTargetPlatform
[2019.10.12-13.11.27:056][  0]LogTemp: Display: Loaded TP MacTargetPlatform
[2019.10.12-13.11.27:150][  0]LogTemp: Display: Loaded TP WindowsClientTargetPlatform
[2019.10.12-13.11.27:203][  0]LogTemp: Display: Loaded TP WindowsNoEditorTargetPlatform
[2019.10.12-13.11.27:267][  0]LogTemp: Display: Loaded TP WindowsServerTargetPlatform
[2019.10.12-13.11.27:317][  0]LogTemp: Display: Loaded TP WindowsTargetPlatform
[2019.10.12-13.11.27:559][  0]LogTemp: Display: Loaded TP AndroidTargetPlatform
[2019.10.12-13.11.27:559][  0]LogTemp: Display: Loaded TP AndroidTargetPlatform
[2019.10.12-13.11.27:559][  0]LogTemp: Display: Loaded TP AndroidTargetPlatform
[2019.10.12-13.11.27:559][  0]LogTemp: Display: Loaded TP AndroidTargetPlatform
[2019.10.12-13.11.27:559][  0]LogTemp: Display: Loaded TP AndroidTargetPlatform
[2019.10.12-13.11.27:559][  0]LogTemp: Display: Loaded TP AndroidTargetPlatform
[2019.10.12-13.11.27:559][  0]LogTemp: Display: Loaded TP AndroidTargetPlatform
[2019.10.12-13.11.27:559][  0]LogTemp: Display: Loaded TP AndroidTargetPlatform
[2019.10.12-13.11.27:559][  0]LogTemp: Display: Loaded TP AndroidTargetPlatform
[2019.10.12-13.11.27:559][  0]LogTemp: Display: Loaded TP AndroidTargetPlatform
[2019.10.12-13.11.27:559][  0]LogTemp: Display: Loaded TP AndroidTargetPlatform
[2019.10.12-13.11.27:559][  0]LogTemp: Display: Loaded TP AndroidTargetPlatform
[2019.10.12-13.11.27:559][  0]LogTemp: Display: Loaded TP AndroidTargetPlatform
[2019.10.12-13.11.27:559][  0]LogTemp: Display: Loaded TP AndroidTargetPlatform
[2019.10.12-13.11.27:559][  0]LogTemp: Display: Loaded TP AndroidTargetPlatform
[2019.10.12-13.11.27:559][  0]LogTemp: Display: Loaded TP AndroidTargetPlatform
[2019.10.12-13.11.27:559][  0]LogTemp: Display: Loaded TP AndroidTargetPlatform
[2019.10.12-13.11.27:560][  0]LogTemp: Display: Loaded TP AndroidTargetPlatform
[2019.10.12-13.11.27:599][  0]LogTemp: Display: Loaded TP HTML5TargetPlatform
[2019.10.12-13.11.27:832][  0]LogTemp: Display: Loaded TP IOSTargetPlatform
[2019.10.12-13.11.27:832][  0]LogTemp: Display: Loaded TP IOSTargetPlatform
[2019.10.12-13.11.27:903][  0]LogTemp: Display: Loaded TP TVOSTargetPlatform
[2019.10.12-13.11.27:903][  0]LogTemp: Display: Loaded TP TVOSTargetPlatform
[2019.10.12-13.11.27:953][  0]LogTemp: Display: Loaded TP LinuxClientTargetPlatform
[2019.10.12-13.11.27:999][  0]LogTemp: Display: Loaded TP LinuxNoEditorTargetPlatform
[2019.10.12-13.11.28:070][  0]LogTemp: Display: Loaded TP LinuxServerTargetPlatform
[2019.10.12-13.11.28:147][  0]LogTemp: Display: Loaded TP LinuxTargetPlatform
[2019.10.12-13.11.28:187][  0]LogTemp: Display: Loaded TP LuminTargetPlatform
[2019.10.12-13.11.28:187][  0]LogTargetPlatformManager: Display: Building Assets For Windows
[2019.10.12-13.11.29:431][  0]LogXGEController: Cleaning working directory: C:/Users/loedu/AppData/Local/Temp/UnrealXGEWorkingDir/
[2019.10.12-13.11.29:431][  0]LogXGEController: Cannot use XGE Controller as Incredibuild is not installed on this machine.
[2019.10.12-13.11.29:431][  0]LogShaderCompilers: Cannot use XGE Shader Compiler as Incredibuild is not installed on this machine.
[2019.10.12-13.11.29:431][  0]LogShaderCompilers: Display: Using Local Shader Compiler.
[2019.10.12-13.11.35:257][  0]LogDerivedDataCache: Display: Max Cache Size: 512 MB
[2019.10.12-13.11.35:826][  0]LogDerivedDataCache: Loaded boot cache 0.57s 71MB C:/Users/loedu/AppData/Local/UnrealEngine/4.20/DerivedDataCache/Boot.ddc.
[2019.10.12-13.11.35:827][  0]LogDerivedDataCache: Display: Loaded Boot cache: C:/Users/loedu/AppData/Local/UnrealEngine/4.20/DerivedDataCache/Boot.ddc
[2019.10.12-13.11.35:827][  0]LogDerivedDataCache: FDerivedDataBackendGraph:  Pak pak cache file ../../../../../../GitHub/Jeu-Foxing288/Jeu_Foxing288/DerivedDataCache/DDC.ddp not found, will not use a pak cache.
[2019.10.12-13.11.35:827][  0]LogDerivedDataCache: Unable to find inner node Pak for hierarchical cache Hierarchy.
[2019.10.12-13.11.35:827][  0]LogDerivedDataCache: FDerivedDataBackendGraph:  CompressedPak pak cache file ../../../../../../GitHub/Jeu-Foxing288/Jeu_Foxing288/DerivedDataCache/Compressed.ddp not found, will not use a pak cache.
[2019.10.12-13.11.35:827][  0]LogDerivedDataCache: Unable to find inner node CompressedPak for hierarchical cache Hierarchy.
[2019.10.12-13.11.35:919][  0]LogDerivedDataCache: Display: Pak cache opened for reading ../../../Engine/DerivedDataCache/Compressed.ddp.
[2019.10.12-13.11.35:932][  0]LogDerivedDataCache: Using Local data cache path C:/Users/loedu/AppData/Local/UnrealEngine/Common/DerivedDataCache: Writable
[2019.10.12-13.11.35:932][  0]LogDerivedDataCache: Shared data cache path not found in *engine.ini, will not use an Shared cache.
[2019.10.12-13.11.35:932][  0]LogDerivedDataCache: Unable to find inner node Shared for hierarchical cache Hierarchy.
[2019.10.12-13.11.35:963][  0]LogMaterial: Verifying Global Shaders for PCD3D_SM5
[2019.10.12-13.11.35:965][  0]LogSlate: Using FreeType 2.6.0
[2019.10.12-13.11.36:040][  0]LogSlate: SlateFontServices - WITH_FREETYPE: 1, WITH_HARFBUZZ: 1
[2019.10.12-13.11.37:378][  0]LogAssetRegistry: FAssetRegistry took 0.0296 seconds to start up
[2019.10.12-13.11.38:022][  0]LogInit: Selected Device Profile: [Windows]
[2019.10.12-13.11.39:658][  0]LogSimplygon: Simplygon DLL not present - disabling.
[2019.10.12-13.11.39:934][  0]LogMeshReduction: Using SimplygonSwarm for distributed automatic mesh merging
[2019.10.12-13.11.39:934][  0]LogMeshReduction: Using ProxyLODMeshReduction for automatic mesh merging
[2019.10.12-13.11.39:934][  0]LogMeshReduction: Using QuadricMeshReduction for automatic static mesh reduction
[2019.10.12-13.11.39:934][  0]LogMeshReduction: No automatic skeletal mesh reduction module available
[2019.10.12-13.11.40:055][  0]LogNetVersion: Jeu_Foxing288 1.0.0, NetCL: 4212847, EngineNetVer: 5, GameNetVer: 0 (Checksum: 1956030867)
[2019.10.12-13.11.43:288][  0]LogPackageLocalizationCache: Processed 11 localized package path(s) for 2 prioritized culture(s) in 0.196234 seconds
[2019.10.12-13.11.43:300][  0]LogUObjectArray: 38425 objects as part of root set at end of initial load.
[2019.10.12-13.11.43:300][  0]LogUObjectAllocator: 6690872 out of 0 bytes used by permanent object pool.
[2019.10.12-13.11.43:300][  0]LogUObjectArray: CloseDisregardForGC: 0/0 objects in disregard for GC pool
[2019.10.12-13.12.05:416][  0]LogTcpMessaging: Initializing TcpMessaging bridge
[2019.10.12-13.12.05:467][  0]LogUdpMessaging: Initializing bridge on interface 0.0.0.0:0 to multicast group 230.0.0.1:6666.
[2019.10.12-13.12.07:813][  0]SourceControl: Source control is disabled
[2019.10.12-13.12.07:813][  0]SourceControl: Source control is disabled
[2019.10.12-13.12.07:984][  0]SourceControl: Source control is disabled
[2019.10.12-13.12.11:029][  0]LogAndroidPermission: UAndroidPermissionCallbackProxy::GetInstance
[2019.10.12-13.12.11:571][  0]LogOcInput: OculusInput pre-init called
[2019.10.12-13.12.11:903][  0]LogEngine: Initializing Engine...
[2019.10.12-13.12.11:904][  0]LogHMD: Failed to initialize OpenVR with code 110
[2019.10.12-13.12.11:907][  0]LogStats: UGameplayTagsManager::ConstructGameplayTagTree: ImportINI prefixes -  0.000 s
[2019.10.12-13.12.11:907][  0]LogStats: UGameplayTagsManager::ConstructGameplayTagTree: Construct from data asset -  0.000 s
[2019.10.12-13.12.11:907][  0]LogStats: UGameplayTagsManager::ConstructGameplayTagTree: ImportINI -  0.000 s
[2019.10.12-13.12.11:907][  0]LogStats: UGameplayTagsManager::ConstructGameplayTagTree: GameplayTagTreeChangedEvent.Broadcast -  0.000 s
[2019.10.12-13.12.12:251][  0]LogInit: Initializing FReadOnlyCVARCache
[2019.10.12-13.12.12:604][  0]LogAIModule: Creating AISystem for world Untitled
[2019.10.12-13.12.12:657][  0]LogInit: XAudio2 using 'VoiceMeeter Aux Input (VB-Audio VoiceMeeter AUX VAIO)' : 2 channels at 48 kHz using 16 bits per sample (channel mask 0x3)
[2019.10.12-13.12.12:670][  0]LogInit: FAudioDevice initialized.
[2019.10.12-13.12.12:671][  0]LogNetVersion: Set ProjectVersion to 1.0.0.0. Version Checksum will be recalculated on next use.
[2019.10.12-13.12.14:190][  0]LogDerivedDataCache: Saved boot cache 1.52s 71MB C:/Users/loedu/AppData/Local/UnrealEngine/4.20/DerivedDataCache/Boot.ddc.
[2019.10.12-13.12.14:216][  0]LogInit: Texture streaming: Enabled
[2019.10.12-13.12.15:010][  0]LogEngineSessionManager: EngineSessionManager initialized
[2019.10.12-13.12.16:431][  0]LogInit: Transaction tracking system initialized
[2019.10.12-13.12.18:618][  0]BlueprintLog: New page: Editor Load
[2019.10.12-13.12.20:517][  0]LocalizationService: Localization service is disabled
[2019.10.12-13.12.22:732][  0]LogCook: Display: Max memory allowance for cook 16384mb min free memory 0mb
[2019.10.12-13.12.22:732][  0]LogCook: Display: Mobile HDR setting 1
[2019.10.12-13.12.22:732][  0]LogGameplayTags: Display: UGameplayTagsManager::DoneAddingNativeTags. DelegateIsBound: 0
[2019.10.12-13.12.22:732][  0]LogStats: UGameplayTagsManager::ConstructGameplayTagTree: ImportINI prefixes -  0.000 s
[2019.10.12-13.12.22:732][  0]LogStats: UGameplayTagsManager::ConstructGameplayTagTree: Construct from data asset -  0.000 s
[2019.10.12-13.12.22:733][  0]LogStats: UGameplayTagsManager::ConstructGameplayTagTree: ImportINI -  0.000 s
[2019.10.12-13.12.22:733][  0]LogStats: UGameplayTagsManager::ConstructGameplayTagTree: GameplayTagTreeChangedEvent.Broadcast -  0.000 s
[2019.10.12-13.12.24:037][  0]LogFileCache: Scanning file cache for directory 'C:/Users/loedu/OneDrive/Documents/GitHub/Jeu-Foxing288/Jeu_Foxing288/Content/' took 0.02s
[2019.10.12-13.12.25:843][  0]LogSourceControl: Attempting "svn info --xml "../../../../../../GitHub/Jeu-Foxing288/Jeu_Foxing288/" --non-interactive --trust-server-cert --username Loë159 --password ********"
[2019.10.12-13.12.26:007][  0]LogSourceControl: Unable to detect system-level svn binary.
[2019.10.12-13.12.26:007][  0]LogSourceControl: Using path C:/Users/loedu/OneDrive/Documents/Fichiers à garder avant réinitialisation/Epic Games/UE_4.20/Engine/Binaries/ThirdParty/svn/Win64/svn.exe for svn operations
[2019.10.12-13.12.27:059][  0]SourceControl: Warning: Successfully connected to repository file///C:\Users\loedu\Dropbox\SVN\Jeu_Foxing288
[2019.10.12-13.12.27:059][  0]Cmd: MAP LOAD FILE="../../../../../../GitHub/Jeu-Foxing288/Jeu_Foxing288/Content/ThirdPersonBP/Maps/ThirdPersonExampleMap.umap" TEMPLATE=0 SHOWPROGRESS=1 FEATURELEVEL=3
[2019.10.12-13.12.27:164][  0]LogSlate: Took 0.031277 seconds to synchronously load lazily loaded font '../../../Engine/Content/Slate/Fonts/Roboto-Regular.ttf' (155K)
[2019.10.12-13.12.56:825][  0]LogSlate: Window 'Message' being destroyed
[2019.10.12-13.12.56:826][  0]LogWindowsTextInputMethodSystem: Display: IME system now deactivated.
[2019.10.12-13.12.56:838][  0]LightingResults: New page: Lighting Build
[2019.10.12-13.12.56:845][  0]MapCheck: New page: Map Check
[2019.10.12-13.12.56:845][  0]LightingResults: New page: Lighting Build
[2019.10.12-13.12.56:923][  0]LogAIModule: Creating AISystem for world Untitled
[2019.10.12-13.12.56:925][  0]LoadErrors: New page: New Map
[2019.10.12-13.12.57:009][  0]LogWindowsTextInputMethodSystem: Display: IME system now deactivated.
[2019.10.12-13.12.57:217][  0]LogSourceControl: Attempting "svn info "C:/Users/loedu/OneDrive/Documents/GitHub/Jeu-Foxing288/Jeu_Foxing288/" --xml --non-interactive --trust-server-cert --username Loë159 --password ********"
[2019.10.12-13.12.57:217][  0]LogSourceControl: Attempting "svn status --show-updates --verbose --xml "C:/Users/loedu/OneDrive/Documents/GitHub/Jeu-Foxing288/Jeu_Foxing288/" --non-interactive --trust-server-cert --username Loë159 --password ********"
[2019.10.12-13.12.57:217][  0]LogSlate: Updating window title bar state: overlay mode, drag disabled, window buttons hidden, title bar hidden
[2019.10.12-13.12.57:228][  0]LogSlate: Updating window title bar state: overlay mode, drag disabled, window buttons hidden, title bar hidden
[2019.10.12-13.12.57:241][  0]LogSlate: Updating window title bar state: overlay mode, drag disabled, window buttons hidden, title bar hidden
[2019.10.12-13.12.57:253][  0]LogSlate: Updating window title bar state: overlay mode, drag disabled, window buttons hidden, title bar hidden
[2019.10.12-13.12.57:316][  0]LogCollectionManager: Loaded 0 collections in 0.004331 seconds
[2019.10.12-13.12.57:375][  0]LogFileCache: Scanning file cache for directory 'C:/Users/loedu/OneDrive/Documents/GitHub/Jeu-Foxing288/Jeu_Foxing288/Saved/Collections/' took 0.01s
[2019.10.12-13.12.57:375][  0]LogFileCache: Scanning file cache for directory 'C:/Users/loedu/OneDrive/Documents/GitHub/Jeu-Foxing288/Jeu_Foxing288/Content/Developers/loedu/Collections/' took 0.01s
[2019.10.12-13.12.57:375][  0]LogFileCache: Scanning file cache for directory 'C:/Users/loedu/OneDrive/Documents/GitHub/Jeu-Foxing288/Jeu_Foxing288/Content/Collections/' took 0.01s
[2019.10.12-13.12.57:375][  0]LogCollectionManager: Rebuilt the GUID cache for 0 collections in 0.000001 seconds
[2019.10.12-13.12.57:412][  0]LogContentBrowser: Native class hierarchy populated in 0.0357 seconds. Added 2572 classes and 603 folders.
[2019.10.12-13.12.57:424][  0]LogContentBrowser: Native class hierarchy updated for 'WidgetCarousel' in 0.0003 seconds. Added 0 classes and 0 folders.
[2019.10.12-13.12.59:061][  0]LogContentBrowser: Native class hierarchy updated for 'AddContentDialog' in 0.0003 seconds. Added 0 classes and 0 folders.
[2019.10.12-13.12.59:118][  0]LogContentBrowser: Native class hierarchy updated for 'SceneOutliner' in 0.0004 seconds. Added 1 classes and 2 folders.
[2019.10.12-13.13.02:194][  0]LogSlate: Only BGRA pngs, bmps or icos are supported in by External Image Picker
[2019.10.12-13.13.02:286][  0]LogSlate: Took 0.022787 seconds to synchronously load lazily loaded font '../../../Engine/Content/Slate/Fonts/Roboto-Bold.ttf' (160K)
[2019.10.12-13.13.02:315][  0]LogSlate: Took 0.023757 seconds to synchronously load lazily loaded font '../../../Engine/Content/Editor/Slate/Fonts/FontAwesome.ttf' (139K)
[2019.10.12-13.13.02:543][  0]LogTemp: Executing iPhonePackager certificates Engine -bundlename com.YourCompany.JeuFoxing288
[2019.10.12-13.13.02:543][  0]LogTemp: CWD: C:\Users\loedu\OneDrive\Documents\Fichiers ? garder avant r?initialisation\Epic Games\UE_4.20\Engine\Binaries\DotNET\IOS
[2019.10.12-13.13.02:543][  0]LogTemp: Initial Dir: C:\Users\loedu\OneDrive\Documents\Fichiers ? garder avant r?initialisation\Epic Games\UE_4.20
[2019.10.12-13.13.02:543][  0]LogTemp: Env CWD: C:\Users\loedu\OneDrive\Documents\Fichiers ? garder avant r?initialisation\Epic Games\UE_4.20\Engine\Binaries\DotNET\IOS
[2019.10.12-13.13.02:543][  0]LogTemp: BranchPath = DESKTOP-B3FPI2E/C/Users/loedu/OneDrive/Documents/Fichiers ? garder avant r?initialisation/Epic Games/UE_4.20/Engine/Binaries --- GameBranchPath = DESKTOP-B3FPI2E/C/Users/loedu/OneDrive/Documents/Fichiers ? garder avant r?initialisation/Epic Games/UE_4.20/Engine/Binaries
[2019.10.12-13.13.02:543][  0]LogTemp: IPP ERROR: Could not find provision directory 'C:\Users\loedu\AppData\Local/Apple Computer/MobileDevice/Provisioning Profiles/'.
[2019.10.12-13.13.02:544][  0]LogRenderer: Reallocating scene render targets to support 1208x576 Format 10 NumSamples 1 (Frame:1).
[2019.10.12-13.13.02:792][  0]LogContentBrowser: Native class hierarchy updated for 'HierarchicalLODOutliner' in 0.0003 seconds. Added 0 classes and 0 folders.
[2019.10.12-13.13.02:792][  0]LogLoad: (Engine Initialization) Total time: 130.77 seconds
[2019.10.12-13.13.02:792][  0]LogLoad: (Engine Initialization) Total Blueprint compile time: 0.00 seconds
[2019.10.12-13.13.02:815][  0]LogSlate: FSceneViewport::OnFocusLost() reason 0
[2019.10.12-13.13.02:845][  0]LogContentStreaming: Texture pool size now 1000 MB
[2019.10.12-13.13.02:907][  0]LogSlate: Took 0.025557 seconds to synchronously load lazily loaded font '../../../Engine/Content/Slate/Fonts/Roboto-Light.ttf' (167K)
[2019.10.12-13.13.02:960][  2]LogAssetRegistry: Asset discovery search completed in 85.6055 seconds
[2019.10.12-13.13.02:963][  2]LogCollectionManager: Rebuilt the object cache for 0 collections in 0.000001 seconds (found 0 objects)
[2019.10.12-13.13.02:963][  2]LogCollectionManager: Fixed up redirectors for 0 collections in 0.000105 seconds (updated 0 objects)
[2019.10.12-13.13.20:927][ 90]LogSlate: FSceneViewport::OnFocusLost() reason 2
[2019.10.12-13.13.22:256][242]LogSlate: FSceneViewport::OnFocusLost() reason 2
[2019.10.12-13.13.23:374][242]LogSlate: Window 'New Level' being destroyed
[2019.10.12-13.13.23:381][242]Cmd: MAP LOAD FILE="../../../Engine/Content/Maps/Templates/Template_Default.umap" TEMPLATE=1 SHOWPROGRESS=1 FEATURELEVEL=3
[2019.10.12-13.13.23:399][242]LogSlate: Took 0.000418 seconds to synchronously load lazily loaded font '../../../Engine/Content/Slate/Fonts/Roboto-Light.ttf' (167K)
[2019.10.12-13.13.23:403][242]LogSlate: FSceneViewport::OnFocusLost() reason 2
[2019.10.12-13.13.23:413][242]LightingResults: New page: Lighting Build
[2019.10.12-13.13.23:414][242]LoadErrors: New page: Loading map: Template_Default.umap
[2019.10.12-13.13.23:416][242]MapCheck: New page: Map Check
[2019.10.12-13.13.23:416][242]LightingResults: New page: Lighting Build
[2019.10.12-13.13.23:970][242]LogAIModule: Creating AISystem for world Untitled_2
[2019.10.12-13.13.24:043][242]LogEditorServer: Finished looking for orphan Actors (0.000 secs)
[2019.10.12-13.13.24:174][242]Cmd: MAP CHECKDEP NOCLEARLOG
[2019.10.12-13.13.24:292][242]MapCheck: Map check complete: 0 Error(s), 0 Warning(s), took 118,019ms to complete.
[2019.10.12-13.13.24:292][242]LogFileHelpers: Loading map 'Template_Default' took 0.913
[2019.10.12-13.13.27:657][627]LogSlate: FSceneViewport::OnFocusLost() reason 0
